mode: set
github.com/Jisnu-Dev/studenttracker/internals/services/helpers.go:12.84,17.25 4 1
github.com/Jisnu-Dev/studenttracker/internals/services/helpers.go:17.25,21.3 3 1
github.com/Jisnu-Dev/studenttracker/internals/services/helpers.go:23.2,23.26 1 1
github.com/Jisnu-Dev/studenttracker/internals/services/helpers.go:23.26,27.3 3 1
github.com/Jisnu-Dev/studenttracker/internals/services/helpers.go:29.2,29.31 1 1
github.com/Jisnu-Dev/studenttracker/internals/services/helpers.go:29.31,33.3 3 1
github.com/Jisnu-Dev/studenttracker/internals/services/helpers.go:35.2,35.29 1 1
github.com/Jisnu-Dev/studenttracker/internals/services/helpers.go:35.29,39.3 3 1
github.com/Jisnu-Dev/studenttracker/internals/services/helpers.go:41.2,41.24 1 1
github.com/Jisnu-Dev/studenttracker/internals/services/helpers.go:41.24,45.3 3 1
github.com/Jisnu-Dev/studenttracker/internals/services/helpers.go:47.2,50.25 3 1
github.com/Jisnu-Dev/studenttracker/internals/services/helpers.go:55.40,57.28 2 0
github.com/Jisnu-Dev/studenttracker/internals/services/helpers.go:57.28,59.3 1 0
github.com/Jisnu-Dev/studenttracker/internals/services/helpers.go:60.2,60.14 1 0
github.com/Jisnu-Dev/studenttracker/internals/services/service.go:27.38,29.2 1 0
github.com/Jisnu-Dev/studenttracker/internals/services/service.go:31.91,35.147 3 0
github.com/Jisnu-Dev/studenttracker/internals/services/service.go:35.147,36.29 1 0
github.com/Jisnu-Dev/studenttracker/internals/services/service.go:36.29,38.4 1 0
github.com/Jisnu-Dev/studenttracker/internals/services/service.go:39.3,44.35 2 0
github.com/Jisnu-Dev/studenttracker/internals/services/service.go:47.2,47.16 1 0
github.com/Jisnu-Dev/studenttracker/internals/services/service.go:50.81,54.16 3 0
github.com/Jisnu-Dev/studenttracker/internals/services/service.go:54.16,60.3 2 0
github.com/Jisnu-Dev/studenttracker/internals/services/service.go:61.2,64.18 3 0
github.com/Jisnu-Dev/studenttracker/internals/services/service.go:64.18,66.179 2 0
github.com/Jisnu-Dev/studenttracker/internals/services/service.go:66.179,72.4 2 0
github.com/Jisnu-Dev/studenttracker/internals/services/service.go:74.3,76.39 3 0
github.com/Jisnu-Dev/studenttracker/internals/services/service.go:79.2,79.35 1 0
github.com/Jisnu-Dev/studenttracker/internals/services/service.go:79.35,85.3 2 0
github.com/Jisnu-Dev/studenttracker/internals/services/service.go:87.2,87.22 1 0
github.com/Jisnu-Dev/studenttracker/internals/services/service.go:90.89,94.210 3 0
github.com/Jisnu-Dev/studenttracker/internals/services/service.go:94.210,95.36 1 0
github.com/Jisnu-Dev/studenttracker/internals/services/service.go:95.36,97.4 1 0
github.com/Jisnu-Dev/studenttracker/internals/services/service.go:98.3,103.51 2 0
github.com/Jisnu-Dev/studenttracker/internals/services/service.go:105.2,105.21 1 0
github.com/Jisnu-Dev/studenttracker/internals/services/service.go:108.70,112.16 3 0
github.com/Jisnu-Dev/studenttracker/internals/services/service.go:112.16,119.3 2 0
github.com/Jisnu-Dev/studenttracker/internals/services/service.go:121.2,122.16 2 0
github.com/Jisnu-Dev/studenttracker/internals/services/service.go:122.16,129.3 2 0
github.com/Jisnu-Dev/studenttracker/internals/services/service.go:130.2,130.22 1 0
github.com/Jisnu-Dev/studenttracker/internals/services/service.go:130.22,137.3 2 0
github.com/Jisnu-Dev/studenttracker/internals/services/service.go:139.2,139.12 1 0
github.com/Jisnu-Dev/studenttracker/internals/services/service.go:142.94,146.16 3 0
github.com/Jisnu-Dev/studenttracker/internals/services/service.go:146.16,147.29 1 0
github.com/Jisnu-Dev/studenttracker/internals/services/service.go:147.29,149.4 1 0
github.com/Jisnu-Dev/studenttracker/internals/services/service.go:150.3,155.32 2 0
github.com/Jisnu-Dev/studenttracker/internals/services/service.go:157.2,158.16 2 0
github.com/Jisnu-Dev/studenttracker/internals/services/service.go:158.16,165.3 2 0
github.com/Jisnu-Dev/studenttracker/internals/services/service.go:166.2,166.22 1 0
github.com/Jisnu-Dev/studenttracker/internals/services/service.go:166.22,173.3 2 0
github.com/Jisnu-Dev/studenttracker/internals/services/service.go:174.2,174.12 1 0
github.com/Jisnu-Dev/studenttracker/internals/services/service.go:177.98,179.16 2 0
github.com/Jisnu-Dev/studenttracker/internals/services/service.go:179.16,181.3 1 0
github.com/Jisnu-Dev/studenttracker/internals/services/service.go:183.2,184.16 2 0
github.com/Jisnu-Dev/studenttracker/internals/services/service.go:184.16,185.29 1 0
github.com/Jisnu-Dev/studenttracker/internals/services/service.go:185.29,187.4 1 0
github.com/Jisnu-Dev/studenttracker/internals/services/service.go:188.3,193.31 2 0
github.com/Jisnu-Dev/studenttracker/internals/services/service.go:196.2,197.16 2 0
github.com/Jisnu-Dev/studenttracker/internals/services/service.go:197.16,204.3 2 0
github.com/Jisnu-Dev/studenttracker/internals/services/service.go:205.2,205.22 1 0
github.com/Jisnu-Dev/studenttracker/internals/services/service.go:205.22,212.3 2 0
github.com/Jisnu-Dev/studenttracker/internals/services/service.go:213.2,213.12 1 0
github.com/Jisnu-Dev/studenttracker/internals/services/service.go:217.89,221.108 3 0
github.com/Jisnu-Dev/studenttracker/internals/services/service.go:221.108,222.29 1 0
github.com/Jisnu-Dev/studenttracker/internals/services/service.go:222.29,224.4 1 0
github.com/Jisnu-Dev/studenttracker/internals/services/service.go:225.3,230.35 2 0
github.com/Jisnu-Dev/studenttracker/internals/services/service.go:233.2,233.16 1 0
github.com/Jisnu-Dev/studenttracker/internals/services/service.go:236.92,240.124 3 0
github.com/Jisnu-Dev/studenttracker/internals/services/service.go:240.124,241.36 1 0
github.com/Jisnu-Dev/studenttracker/internals/services/service.go:241.36,243.4 1 0
github.com/Jisnu-Dev/studenttracker/internals/services/service.go:244.3,249.50 2 0
github.com/Jisnu-Dev/studenttracker/internals/services/service.go:252.2,252.19 1 0
github.com/Jisnu-Dev/studenttracker/internals/models/validator.go:26.13,27.68 1 1
github.com/Jisnu-Dev/studenttracker/internals/models/validator.go:27.68,29.18 2 1
github.com/Jisnu-Dev/studenttracker/internals/models/validator.go:29.18,31.4 1 1
github.com/Jisnu-Dev/studenttracker/internals/models/validator.go:32.3,32.14 1 1
github.com/Jisnu-Dev/studenttracker/internals/models/validator.go:35.2,37.59 3 1
github.com/Jisnu-Dev/studenttracker/internals/models/validator.go:40.55,43.2 2 1
github.com/Jisnu-Dev/studenttracker/internals/models/validator.go:45.49,48.37 2 1
github.com/Jisnu-Dev/studenttracker/internals/models/validator.go:48.37,50.3 1 1
github.com/Jisnu-Dev/studenttracker/internals/models/validator.go:52.2,52.34 1 1
github.com/Jisnu-Dev/studenttracker/internals/models/validator.go:52.34,54.3 1 1
github.com/Jisnu-Dev/studenttracker/internals/models/validator.go:56.2,56.25 1 1
github.com/Jisnu-Dev/studenttracker/internals/models/validator.go:56.25,57.10 1 1
github.com/Jisnu-Dev/studenttracker/internals/models/validator.go:58.28,59.12 1 1
github.com/Jisnu-Dev/studenttracker/internals/models/validator.go:61.17,62.12 1 1
github.com/Jisnu-Dev/studenttracker/internals/models/validator.go:64.11,65.16 1 1
github.com/Jisnu-Dev/studenttracker/internals/models/validator.go:69.2,69.13 1 1
github.com/Jisnu-Dev/studenttracker/internals/models/validator.go:72.53,82.29 4 1
github.com/Jisnu-Dev/studenttracker/internals/models/validator.go:82.29,83.10 1 1
github.com/Jisnu-Dev/studenttracker/internals/models/validator.go:84.27,85.19 1 1
github.com/Jisnu-Dev/studenttracker/internals/models/validator.go:87.27,88.19 1 1
github.com/Jisnu-Dev/studenttracker/internals/models/validator.go:90.27,91.19 1 1
github.com/Jisnu-Dev/studenttracker/internals/models/validator.go:93.27,94.16 1 1
github.com/Jisnu-Dev/studenttracker/internals/models/validator.go:96.46,97.21 1 1
github.com/Jisnu-Dev/studenttracker/internals/models/validator.go:100.2,103.13 1 1
github.com/Jisnu-Dev/studenttracker/internals/models/validator.go:106.47,107.19 1 1
github.com/Jisnu-Dev/studenttracker/internals/models/validator.go:109.14,110.18 1 1
github.com/Jisnu-Dev/studenttracker/internals/models/validator.go:111.19,112.26 1 1
github.com/Jisnu-Dev/studenttracker/internals/models/validator.go:113.14,114.26 1 1
github.com/Jisnu-Dev/studenttracker/internals/models/validator.go:115.14,116.25 1 1
github.com/Jisnu-Dev/studenttracker/internals/models/validator.go:117.11,118.25 1 1
github.com/Jisnu-Dev/studenttracker/internals/models/validator.go:121.15,122.18 1 1
github.com/Jisnu-Dev/studenttracker/internals/models/validator.go:123.19,124.27 1 1
github.com/Jisnu-Dev/studenttracker/internals/models/validator.go:125.14,126.26 1 1
github.com/Jisnu-Dev/studenttracker/internals/models/validator.go:127.11,128.26 1 1
github.com/Jisnu-Dev/studenttracker/internals/models/validator.go:131.20,132.18 1 1
github.com/Jisnu-Dev/studenttracker/internals/models/validator.go:133.19,134.32 1 1
github.com/Jisnu-Dev/studenttracker/internals/models/validator.go:135.11,136.31 1 1
github.com/Jisnu-Dev/studenttracker/internals/models/validator.go:139.18,140.28 1 1
github.com/Jisnu-Dev/studenttracker/internals/models/validator.go:142.13,143.23 1 1
github.com/Jisnu-Dev/studenttracker/internals/models/validator.go:145.18,146.18 1 1
github.com/Jisnu-Dev/studenttracker/internals/models/validator.go:147.19,148.30 1 1
github.com/Jisnu-Dev/studenttracker/internals/models/validator.go:149.14,150.30 1 1
github.com/Jisnu-Dev/studenttracker/internals/models/validator.go:151.14,152.29 1 1
github.com/Jisnu-Dev/studenttracker/internals/models/validator.go:153.11,154.29 1 1
github.com/Jisnu-Dev/studenttracker/internals/models/validator.go:157.10,158.72 1 1
github.com/Jisnu-Dev/studenttracker/internals/models/validator.go:162.52,165.40 2 1
github.com/Jisnu-Dev/studenttracker/internals/models/validator.go:165.40,169.3 1 1
github.com/Jisnu-Dev/studenttracker/internals/models/validator.go:171.2,173.37 2 1
github.com/Jisnu-Dev/studenttracker/internals/models/validator.go:173.37,175.3 1 1
github.com/Jisnu-Dev/studenttracker/internals/models/validator.go:177.2,177.15 1 1
github.com/Jisnu-Dev/studenttracker/internals/middlewares/authMiddleware.go:20.82,21.30 1 1
github.com/Jisnu-Dev/studenttracker/internals/middlewares/authMiddleware.go:21.30,23.23 2 1
github.com/Jisnu-Dev/studenttracker/internals/middlewares/authMiddleware.go:23.23,28.4 2 1
github.com/Jisnu-Dev/studenttracker/internals/middlewares/authMiddleware.go:30.3,31.63 2 1
github.com/Jisnu-Dev/studenttracker/internals/middlewares/authMiddleware.go:31.63,36.4 2 1
github.com/Jisnu-Dev/studenttracker/internals/middlewares/authMiddleware.go:38.3,41.17 3 1
github.com/Jisnu-Dev/studenttracker/internals/middlewares/authMiddleware.go:41.17,52.4 4 1
github.com/Jisnu-Dev/studenttracker/internals/middlewares/authMiddleware.go:54.3,54.20 1 1
github.com/Jisnu-Dev/studenttracker/internals/middlewares/authMiddleware.go:54.20,59.4 2 1
github.com/Jisnu-Dev/studenttracker/internals/middlewares/authMiddleware.go:61.3,64.11 3 1
github.com/Jisnu-Dev/studenttracker/internals/handlers/createStudentHandler.go:12.56,15.28 2 1
github.com/Jisnu-Dev/studenttracker/internals/handlers/createStudentHandler.go:15.28,17.3 1 1
github.com/Jisnu-Dev/studenttracker/internals/handlers/createStudentHandler.go:19.2,19.56 1 1
github.com/Jisnu-Dev/studenttracker/internals/handlers/createStudentHandler.go:19.56,23.3 3 1
github.com/Jisnu-Dev/studenttracker/internals/handlers/createStudentHandler.go:25.2,26.16 2 1
github.com/Jisnu-Dev/studenttracker/internals/handlers/createStudentHandler.go:26.16,27.53 1 1
github.com/Jisnu-Dev/studenttracker/internals/handlers/createStudentHandler.go:27.53,30.4 2 1
github.com/Jisnu-Dev/studenttracker/internals/handlers/createStudentHandler.go:31.3,32.9 2 1
github.com/Jisnu-Dev/studenttracker/internals/handlers/createStudentHandler.go:35.2,38.4 1 1
github.com/Jisnu-Dev/studenttracker/internals/handlers/deleteStudentHandler.go:9.56,11.9 2 1
github.com/Jisnu-Dev/studenttracker/internals/handlers/deleteStudentHandler.go:11.9,13.3 1 1
github.com/Jisnu-Dev/studenttracker/internals/handlers/deleteStudentHandler.go:15.2,15.73 1 1
github.com/Jisnu-Dev/studenttracker/internals/handlers/deleteStudentHandler.go:15.73,18.3 2 1
github.com/Jisnu-Dev/studenttracker/internals/handlers/deleteStudentHandler.go:20.2,23.4 1 1
github.com/Jisnu-Dev/studenttracker/internals/handlers/getAllStudentsHandler.go:9.57,11.16 2 1
github.com/Jisnu-Dev/studenttracker/internals/handlers/getAllStudentsHandler.go:11.16,14.3 2 1
github.com/Jisnu-Dev/studenttracker/internals/handlers/getAllStudentsHandler.go:15.2,15.45 1 1
github.com/Jisnu-Dev/studenttracker/internals/handlers/getStudentByIDHandler.go:9.57,11.9 2 1
github.com/Jisnu-Dev/studenttracker/internals/handlers/getStudentByIDHandler.go:11.9,13.3 1 1
github.com/Jisnu-Dev/studenttracker/internals/handlers/getStudentByIDHandler.go:15.2,16.16 2 1
github.com/Jisnu-Dev/studenttracker/internals/handlers/getStudentByIDHandler.go:16.16,19.3 2 1
github.com/Jisnu-Dev/studenttracker/internals/handlers/getStudentByIDHandler.go:21.2,21.21 1 1
github.com/Jisnu-Dev/studenttracker/internals/handlers/getStudentByIDHandler.go:21.21,24.3 2 1
github.com/Jisnu-Dev/studenttracker/internals/handlers/getStudentByIDHandler.go:26.2,26.62 1 1
github.com/Jisnu-Dev/studenttracker/internals/handlers/handler.go:23.106,28.2 1 1
github.com/Jisnu-Dev/studenttracker/internals/handlers/helpers.go:11.67,13.2 1 1
github.com/Jisnu-Dev/studenttracker/internals/handlers/helpers.go:15.71,17.2 1 1
github.com/Jisnu-Dev/studenttracker/internals/handlers/helpers.go:19.67,22.27 3 1
github.com/Jisnu-Dev/studenttracker/internals/handlers/helpers.go:22.27,25.3 2 1
github.com/Jisnu-Dev/studenttracker/internals/handlers/helpers.go:26.2,26.17 1 1
github.com/Jisnu-Dev/studenttracker/internals/handlers/helpers.go:29.48,30.49 1 1
github.com/Jisnu-Dev/studenttracker/internals/handlers/helpers.go:30.49,33.3 2 1
github.com/Jisnu-Dev/studenttracker/internals/handlers/helpers.go:34.2,34.13 1 1
github.com/Jisnu-Dev/studenttracker/internals/handlers/helpers.go:37.52,40.2 2 1
github.com/Jisnu-Dev/studenttracker/internals/handlers/helpers.go:42.52,45.2 2 1
github.com/Jisnu-Dev/studenttracker/internals/handlers/loginAdminHandler.go:14.53,17.24 2 1
github.com/Jisnu-Dev/studenttracker/internals/handlers/loginAdminHandler.go:17.24,19.3 1 1
github.com/Jisnu-Dev/studenttracker/internals/handlers/loginAdminHandler.go:21.2,21.52 1 1
github.com/Jisnu-Dev/studenttracker/internals/handlers/loginAdminHandler.go:21.52,25.3 3 1
github.com/Jisnu-Dev/studenttracker/internals/handlers/loginAdminHandler.go:27.2,28.16 2 1
github.com/Jisnu-Dev/studenttracker/internals/handlers/loginAdminHandler.go:28.16,29.48 1 1
github.com/Jisnu-Dev/studenttracker/internals/handlers/loginAdminHandler.go:29.48,32.4 2 1
github.com/Jisnu-Dev/studenttracker/internals/handlers/loginAdminHandler.go:33.3,34.9 2 1
github.com/Jisnu-Dev/studenttracker/internals/handlers/loginAdminHandler.go:37.2,37.54 1 1
github.com/Jisnu-Dev/studenttracker/internals/handlers/loginAdminHandler.go:37.54,40.3 2 1
github.com/Jisnu-Dev/studenttracker/internals/handlers/loginAdminHandler.go:42.2,43.16 2 1
github.com/Jisnu-Dev/studenttracker/internals/handlers/loginAdminHandler.go:43.16,54.3 4 1
github.com/Jisnu-Dev/studenttracker/internals/handlers/loginAdminHandler.go:56.2,60.4 1 1
github.com/Jisnu-Dev/studenttracker/internals/handlers/patchStudentHandler.go:12.55,14.9 2 1
github.com/Jisnu-Dev/studenttracker/internals/handlers/patchStudentHandler.go:14.9,16.3 1 1
github.com/Jisnu-Dev/studenttracker/internals/handlers/patchStudentHandler.go:18.2,19.33 2 1
github.com/Jisnu-Dev/studenttracker/internals/handlers/patchStudentHandler.go:19.33,21.3 1 1
github.com/Jisnu-Dev/studenttracker/internals/handlers/patchStudentHandler.go:23.2,23.152 1 1
github.com/Jisnu-Dev/studenttracker/internals/handlers/patchStudentHandler.go:23.152,26.3 2 1
github.com/Jisnu-Dev/studenttracker/internals/handlers/patchStudentHandler.go:28.2,28.61 1 1
github.com/Jisnu-Dev/studenttracker/internals/handlers/patchStudentHandler.go:28.61,32.3 3 1
github.com/Jisnu-Dev/studenttracker/internals/handlers/patchStudentHandler.go:34.2,34.86 1 1
github.com/Jisnu-Dev/studenttracker/internals/handlers/patchStudentHandler.go:34.86,35.53 1 1
github.com/Jisnu-Dev/studenttracker/internals/handlers/patchStudentHandler.go:35.53,38.4 2 1
github.com/Jisnu-Dev/studenttracker/internals/handlers/patchStudentHandler.go:39.3,40.9 2 1
github.com/Jisnu-Dev/studenttracker/internals/handlers/patchStudentHandler.go:43.2,43.85 1 1
github.com/Jisnu-Dev/studenttracker/internals/handlers/registerAdminHandler.go:14.56,17.26 2 1
github.com/Jisnu-Dev/studenttracker/internals/handlers/registerAdminHandler.go:17.26,19.3 1 1
github.com/Jisnu-Dev/studenttracker/internals/handlers/registerAdminHandler.go:21.2,21.54 1 1
github.com/Jisnu-Dev/studenttracker/internals/handlers/registerAdminHandler.go:21.54,25.3 3 1
github.com/Jisnu-Dev/studenttracker/internals/handlers/registerAdminHandler.go:27.2,28.16 2 1
github.com/Jisnu-Dev/studenttracker/internals/handlers/registerAdminHandler.go:28.16,36.3 3 1
github.com/Jisnu-Dev/studenttracker/internals/handlers/registerAdminHandler.go:38.2,41.16 3 1
github.com/Jisnu-Dev/studenttracker/internals/handlers/registerAdminHandler.go:41.16,42.51 1 1
github.com/Jisnu-Dev/studenttracker/internals/handlers/registerAdminHandler.go:42.51,45.4 2 1
github.com/Jisnu-Dev/studenttracker/internals/handlers/registerAdminHandler.go:46.3,47.9 2 1
github.com/Jisnu-Dev/studenttracker/internals/handlers/registerAdminHandler.go:50.2,51.16 2 1
github.com/Jisnu-Dev/studenttracker/internals/handlers/registerAdminHandler.go:51.16,62.3 4 1
github.com/Jisnu-Dev/studenttracker/internals/handlers/registerAdminHandler.go:64.2,68.4 1 1
github.com/Jisnu-Dev/studenttracker/internals/handlers/updateStudentHandler.go:12.56,14.9 2 1
github.com/Jisnu-Dev/studenttracker/internals/handlers/updateStudentHandler.go:14.9,16.3 1 1
github.com/Jisnu-Dev/studenttracker/internals/handlers/updateStudentHandler.go:18.2,19.28 2 1
github.com/Jisnu-Dev/studenttracker/internals/handlers/updateStudentHandler.go:19.28,21.3 1 1
github.com/Jisnu-Dev/studenttracker/internals/handlers/updateStudentHandler.go:23.2,23.56 1 1
github.com/Jisnu-Dev/studenttracker/internals/handlers/updateStudentHandler.go:23.56,27.3 3 1
github.com/Jisnu-Dev/studenttracker/internals/handlers/updateStudentHandler.go:29.2,29.82 1 1
github.com/Jisnu-Dev/studenttracker/internals/handlers/updateStudentHandler.go:29.82,30.53 1 1
github.com/Jisnu-Dev/studenttracker/internals/handlers/updateStudentHandler.go:30.53,33.4 2 1
github.com/Jisnu-Dev/studenttracker/internals/handlers/updateStudentHandler.go:34.3,35.9 2 1
github.com/Jisnu-Dev/studenttracker/internals/handlers/updateStudentHandler.go:38.2,38.85 1 1
github.com/Jisnu-Dev/studenttracker/internals/grpcClient/generateToken.go:10.108,18.16 4 1
github.com/Jisnu-Dev/studenttracker/internals/grpcClient/generateToken.go:18.16,20.3 1 1
github.com/Jisnu-Dev/studenttracker/internals/grpcClient/generateToken.go:22.2,22.29 1 1
github.com/Jisnu-Dev/studenttracker/internals/grpcClient/helper.go:10.60,12.19 2 1
github.com/Jisnu-Dev/studenttracker/internals/grpcClient/helper.go:12.19,14.3 1 0
github.com/Jisnu-Dev/studenttracker/internals/grpcClient/helper.go:15.2,16.9 2 1
github.com/Jisnu-Dev/studenttracker/internals/grpcClient/helper.go:16.9,18.3 1 0
github.com/Jisnu-Dev/studenttracker/internals/grpcClient/helper.go:19.2,20.36 2 1
github.com/Jisnu-Dev/studenttracker/internals/grpcClient/helper.go:20.36,22.3 1 0
github.com/Jisnu-Dev/studenttracker/internals/grpcClient/helper.go:23.2,23.42 1 1
github.com/Jisnu-Dev/studenttracker/internals/grpcClient/helper.go:23.42,25.3 1 0
github.com/Jisnu-Dev/studenttracker/internals/grpcClient/tokenClient.go:27.62,29.16 2 0
github.com/Jisnu-Dev/studenttracker/internals/grpcClient/tokenClient.go:29.16,31.3 1 0
github.com/Jisnu-Dev/studenttracker/internals/grpcClient/tokenClient.go:33.2,36.8 1 0
github.com/Jisnu-Dev/studenttracker/internals/grpcClient/tokenClient.go:41.71,43.2 1 1
github.com/Jisnu-Dev/studenttracker/internals/grpcClient/validateToken.go:10.104,17.16 4 1
github.com/Jisnu-Dev/studenttracker/internals/grpcClient/validateToken.go:17.16,19.3 1 1
github.com/Jisnu-Dev/studenttracker/internals/grpcClient/validateToken.go:21.2,25.8 1 1
github.com/Jisnu-Dev/studenttracker/cmd/api.go:35.96,36.47 1 0
github.com/Jisnu-Dev/studenttracker/cmd/api.go:36.47,38.3 1 0
github.com/Jisnu-Dev/studenttracker/cmd/api.go:40.2,52.60 10 0
github.com/Jisnu-Dev/studenttracker/cmd/api.go:55.12,63.16 5 0
github.com/Jisnu-Dev/studenttracker/cmd/api.go:63.16,66.3 2 0
github.com/Jisnu-Dev/studenttracker/cmd/api.go:68.2,79.60 8 0
github.com/Jisnu-Dev/studenttracker/cmd/api.go:79.60,82.3 2 0
github.com/Jisnu-Dev/studenttracker/cmd/api.go:85.30,86.40 1 0
github.com/Jisnu-Dev/studenttracker/cmd/api.go:86.40,88.3 1 0
github.com/Jisnu-Dev/studenttracker/cmd/api.go:90.2,101.3 1 0
github.com/Jisnu-Dev/studenttracker/cmd/api.go:104.51,105.48 1 0
github.com/Jisnu-Dev/studenttracker/cmd/api.go:105.48,106.18 1 0
github.com/Jisnu-Dev/studenttracker/cmd/api.go:106.18,108.4 1 0
github.com/Jisnu-Dev/studenttracker/cmd/api.go:110.2,110.17 1 0
github.com/Jisnu-Dev/studenttracker/cmd/api.go:113.41,116.2 1 0
github.com/Jisnu-Dev/studenttracker/cmd/api.go:118.47,121.16 3 0
github.com/Jisnu-Dev/studenttracker/cmd/api.go:121.16,124.3 2 0
github.com/Jisnu-Dev/studenttracker/cmd/api.go:126.2,126.34 1 0
github.com/Jisnu-Dev/studenttracker/cmd/api.go:126.34,129.3 2 0
github.com/Jisnu-Dev/studenttracker/cmd/api.go:131.2,132.11 2 0
github.com/Jisnu-Dev/studenttracker/cmd/main.go:3.13,5.2 1 0
github.com/Jisnu-Dev/studenttracker/internals/mocks/mockService.go:28.95,29.30 1 0
github.com/Jisnu-Dev/studenttracker/internals/mocks/mockService.go:30.21,31.43 1 0
github.com/Jisnu-Dev/studenttracker/internals/mocks/mockService.go:32.23,33.44 1 0
github.com/Jisnu-Dev/studenttracker/internals/mocks/mockService.go:36.2,36.15 1 0
github.com/Jisnu-Dev/studenttracker/internals/mocks/mockService.go:39.85,40.31 1 0
github.com/Jisnu-Dev/studenttracker/internals/mocks/mockService.go:41.23,42.47 1 0
github.com/Jisnu-Dev/studenttracker/internals/mocks/mockService.go:45.2,45.27 1 0
github.com/Jisnu-Dev/studenttracker/internals/mocks/mockService.go:45.27,47.3 1 0
github.com/Jisnu-Dev/studenttracker/internals/mocks/mockService.go:49.2,49.25 1 0
github.com/Jisnu-Dev/studenttracker/internals/mocks/mockService.go:49.25,51.3 1 0
github.com/Jisnu-Dev/studenttracker/internals/mocks/mockService.go:53.2,55.8 1 0
github.com/Jisnu-Dev/studenttracker/internals/mocks/mockService.go:58.93,59.31 1 0
github.com/Jisnu-Dev/studenttracker/internals/mocks/mockService.go:60.18,61.31 1 0
github.com/Jisnu-Dev/studenttracker/internals/mocks/mockService.go:62.23,63.60 1 0
github.com/Jisnu-Dev/studenttracker/internals/mocks/mockService.go:67.2,67.123 1 0
github.com/Jisnu-Dev/studenttracker/internals/mocks/mockService.go:70.74,71.30 1 0
github.com/Jisnu-Dev/studenttracker/internals/mocks/mockService.go:72.23,73.41 1 0
github.com/Jisnu-Dev/studenttracker/internals/mocks/mockService.go:76.2,76.12 1 0
github.com/Jisnu-Dev/studenttracker/internals/mocks/mockService.go:79.98,80.30 1 0
github.com/Jisnu-Dev/studenttracker/internals/mocks/mockService.go:81.21,82.40 1 0
github.com/Jisnu-Dev/studenttracker/internals/mocks/mockService.go:83.23,84.41 1 0
github.com/Jisnu-Dev/studenttracker/internals/mocks/mockService.go:87.2,87.12 1 0
github.com/Jisnu-Dev/studenttracker/internals/mocks/mockService.go:90.102,91.29 1 0
github.com/Jisnu-Dev/studenttracker/internals/mocks/mockService.go:92.21,93.40 1 0
github.com/Jisnu-Dev/studenttracker/internals/mocks/mockService.go:94.26,95.38 1 0
github.com/Jisnu-Dev/studenttracker/internals/mocks/mockService.go:96.23,97.40 1 0
github.com/Jisnu-Dev/studenttracker/internals/mocks/mockService.go:100.2,100.12 1 0
github.com/Jisnu-Dev/studenttracker/internals/mocks/mockService.go:103.93,104.30 1 0
github.com/Jisnu-Dev/studenttracker/internals/mocks/mockService.go:105.21,106.41 1 0
github.com/Jisnu-Dev/studenttracker/internals/mocks/mockService.go:107.23,108.44 1 0
github.com/Jisnu-Dev/studenttracker/internals/mocks/mockService.go:111.2,111.15 1 0
github.com/Jisnu-Dev/studenttracker/internals/mocks/mockService.go:114.96,115.32 1 0
github.com/Jisnu-Dev/studenttracker/internals/mocks/mockService.go:116.18,117.51 1 0
github.com/Jisnu-Dev/studenttracker/internals/mocks/mockService.go:118.23,119.59 1 0
github.com/Jisnu-Dev/studenttracker/internals/mocks/mockService.go:122.2,122.25 1 0
github.com/Jisnu-Dev/studenttracker/internals/mocks/mockService.go:122.25,124.3 1 0
github.com/Jisnu-Dev/studenttracker/internals/mocks/mockService.go:125.2,125.102 1 0
github.com/Jisnu-Dev/studenttracker/internals/mocks/mockTokenServiceClient.go:25.166,28.30 2 0
github.com/Jisnu-Dev/studenttracker/internals/mocks/mockTokenServiceClient.go:29.27,30.39 1 0
github.com/Jisnu-Dev/studenttracker/internals/mocks/mockTokenServiceClient.go:31.25,32.32 1 0
github.com/Jisnu-Dev/studenttracker/internals/mocks/mockTokenServiceClient.go:35.2,35.62 1 0
github.com/Jisnu-Dev/studenttracker/internals/mocks/mockTokenServiceClient.go:38.166,41.30 2 0
github.com/Jisnu-Dev/studenttracker/internals/mocks/mockTokenServiceClient.go:42.27,43.39 1 0
github.com/Jisnu-Dev/studenttracker/internals/mocks/mockTokenServiceClient.go:44.26,45.30 1 0
github.com/Jisnu-Dev/studenttracker/internals/mocks/mockTokenServiceClient.go:46.25,47.32 1 0
github.com/Jisnu-Dev/studenttracker/internals/mocks/mockTokenServiceClient.go:50.2,50.26 1 0
github.com/Jisnu-Dev/studenttracker/internals/mocks/mockTokenServiceClient.go:50.26,52.3 1 0
github.com/Jisnu-Dev/studenttracker/internals/mocks/mockTokenServiceClient.go:54.2,58.8 1 0
github.com/Jisnu-Dev/studenttracker/gen/token/token.pb.go:32.40,37.2 4 0
github.com/Jisnu-Dev/studenttracker/gen/token/token.pb.go:39.48,41.2 1 0
github.com/Jisnu-Dev/studenttracker/gen/token/token.pb.go:43.46,43.47 0 0
github.com/Jisnu-Dev/studenttracker/gen/token/token.pb.go:45.68,47.14 2 0
github.com/Jisnu-Dev/studenttracker/gen/token/token.pb.go:47.14,49.34 2 0
github.com/Jisnu-Dev/studenttracker/gen/token/token.pb.go:49.34,51.4 1 0
github.com/Jisnu-Dev/studenttracker/gen/token/token.pb.go:52.3,52.12 1 0
github.com/Jisnu-Dev/studenttracker/gen/token/token.pb.go:54.2,54.24 1 0
github.com/Jisnu-Dev/studenttracker/gen/token/token.pb.go:58.59,60.2 1 0
github.com/Jisnu-Dev/studenttracker/gen/token/token.pb.go:62.51,63.14 1 0
github.com/Jisnu-Dev/studenttracker/gen/token/token.pb.go:63.14,65.3 1 0
github.com/Jisnu-Dev/studenttracker/gen/token/token.pb.go:66.2,66.10 1 0
github.com/Jisnu-Dev/studenttracker/gen/token/token.pb.go:69.55,70.14 1 0
github.com/Jisnu-Dev/studenttracker/gen/token/token.pb.go:70.14,72.3 1 0
github.com/Jisnu-Dev/studenttracker/gen/token/token.pb.go:73.2,73.11 1 0
github.com/Jisnu-Dev/studenttracker/gen/token/token.pb.go:83.41,88.2 4 0
github.com/Jisnu-Dev/studenttracker/gen/token/token.pb.go:90.49,92.2 1 0
github.com/Jisnu-Dev/studenttracker/gen/token/token.pb.go:94.47,94.48 0 0
github.com/Jisnu-Dev/studenttracker/gen/token/token.pb.go:96.69,98.14 2 0
github.com/Jisnu-Dev/studenttracker/gen/token/token.pb.go:98.14,100.34 2 0
github.com/Jisnu-Dev/studenttracker/gen/token/token.pb.go:100.34,102.4 1 0
github.com/Jisnu-Dev/studenttracker/gen/token/token.pb.go:103.3,103.12 1 0
github.com/Jisnu-Dev/studenttracker/gen/token/token.pb.go:105.2,105.24 1 0
github.com/Jisnu-Dev/studenttracker/gen/token/token.pb.go:109.60,111.2 1 0
github.com/Jisnu-Dev/studenttracker/gen/token/token.pb.go:113.51,114.14 1 0
github.com/Jisnu-Dev/studenttracker/gen/token/token.pb.go:114.14,116.3 1 0
github.com/Jisnu-Dev/studenttracker/gen/token/token.pb.go:117.2,117.11 1 0
github.com/Jisnu-Dev/studenttracker/gen/token/token.pb.go:127.40,132.2 4 0
github.com/Jisnu-Dev/studenttracker/gen/token/token.pb.go:134.48,136.2 1 0
github.com/Jisnu-Dev/studenttracker/gen/token/token.pb.go:138.46,138.47 0 0
github.com/Jisnu-Dev/studenttracker/gen/token/token.pb.go:140.68,142.14 2 0
github.com/Jisnu-Dev/studenttracker/gen/token/token.pb.go:142.14,144.34 2 0
github.com/Jisnu-Dev/studenttracker/gen/token/token.pb.go:144.34,146.4 1 0
github.com/Jisnu-Dev/studenttracker/gen/token/token.pb.go:147.3,147.12 1 0
github.com/Jisnu-Dev/studenttracker/gen/token/token.pb.go:149.2,149.24 1 0
github.com/Jisnu-Dev/studenttracker/gen/token/token.pb.go:153.59,155.2 1 0
github.com/Jisnu-Dev/studenttracker/gen/token/token.pb.go:157.50,158.14 1 0
github.com/Jisnu-Dev/studenttracker/gen/token/token.pb.go:158.14,160.3 1 0
github.com/Jisnu-Dev/studenttracker/gen/token/token.pb.go:161.2,161.11 1 0
github.com/Jisnu-Dev/studenttracker/gen/token/token.pb.go:173.41,178.2 4 0
github.com/Jisnu-Dev/studenttracker/gen/token/token.pb.go:180.49,182.2 1 0
github.com/Jisnu-Dev/studenttracker/gen/token/token.pb.go:184.47,184.48 0 0
github.com/Jisnu-Dev/studenttracker/gen/token/token.pb.go:186.69,188.14 2 0
github.com/Jisnu-Dev/studenttracker/gen/token/token.pb.go:188.14,190.34 2 0
github.com/Jisnu-Dev/studenttracker/gen/token/token.pb.go:190.34,192.4 1 0
github.com/Jisnu-Dev/studenttracker/gen/token/token.pb.go:193.3,193.12 1 0
github.com/Jisnu-Dev/studenttracker/gen/token/token.pb.go:195.2,195.24 1 0
github.com/Jisnu-Dev/studenttracker/gen/token/token.pb.go:199.60,201.2 1 0
github.com/Jisnu-Dev/studenttracker/gen/token/token.pb.go:203.51,204.14 1 0
github.com/Jisnu-Dev/studenttracker/gen/token/token.pb.go:204.14,206.3 1 0
github.com/Jisnu-Dev/studenttracker/gen/token/token.pb.go:207.2,207.14 1 0
github.com/Jisnu-Dev/studenttracker/gen/token/token.pb.go:210.52,211.14 1 0
github.com/Jisnu-Dev/studenttracker/gen/token/token.pb.go:211.14,213.3 1 0
github.com/Jisnu-Dev/studenttracker/gen/token/token.pb.go:214.2,214.10 1 0
github.com/Jisnu-Dev/studenttracker/gen/token/token.pb.go:217.56,218.14 1 0
github.com/Jisnu-Dev/studenttracker/gen/token/token.pb.go:218.14,220.3 1 0
github.com/Jisnu-Dev/studenttracker/gen/token/token.pb.go:221.2,221.11 1 0
github.com/Jisnu-Dev/studenttracker/gen/token/token.pb.go:253.50,254.47 1 0
github.com/Jisnu-Dev/studenttracker/gen/token/token.pb.go:254.47,256.3 1 0
github.com/Jisnu-Dev/studenttracker/gen/token/token.pb.go:257.2,257.43 1 0
github.com/Jisnu-Dev/studenttracker/gen/token/token.pb.go:279.13,279.46 1 0
github.com/Jisnu-Dev/studenttracker/gen/token/token.pb.go:280.36,281.35 1 0
github.com/Jisnu-Dev/studenttracker/gen/token/token.pb.go:281.35,283.3 1 0
github.com/Jisnu-Dev/studenttracker/gen/token/token.pb.go:284.2,300.38 5 0
github.com/Jisnu-Dev/studenttracker/gen/token/token_grpc.pb.go:38.76,40.2 1 0
github.com/Jisnu-Dev/studenttracker/gen/token/token_grpc.pb.go:42.148,46.16 4 0
github.com/Jisnu-Dev/studenttracker/gen/token/token_grpc.pb.go:46.16,48.3 1 0
github.com/Jisnu-Dev/studenttracker/gen/token/token_grpc.pb.go:49.2,49.17 1 0
github.com/Jisnu-Dev/studenttracker/gen/token/token_grpc.pb.go:52.148,56.16 4 0
github.com/Jisnu-Dev/studenttracker/gen/token/token_grpc.pb.go:56.16,58.3 1 0
github.com/Jisnu-Dev/studenttracker/gen/token/token_grpc.pb.go:59.2,59.17 1 0
github.com/Jisnu-Dev/studenttracker/gen/token/token_grpc.pb.go:78.126,80.2 1 0
github.com/Jisnu-Dev/studenttracker/gen/token/token_grpc.pb.go:81.126,83.2 1 0
github.com/Jisnu-Dev/studenttracker/gen/token/token_grpc.pb.go:84.84,84.85 0 0
github.com/Jisnu-Dev/studenttracker/gen/token/token_grpc.pb.go:85.84,85.85 0 0
github.com/Jisnu-Dev/studenttracker/gen/token/token_grpc.pb.go:94.82,99.59 1 0
github.com/Jisnu-Dev/studenttracker/gen/token/token_grpc.pb.go:99.59,101.3 1 0
github.com/Jisnu-Dev/studenttracker/gen/token/token_grpc.pb.go:102.2,102.51 1 0
github.com/Jisnu-Dev/studenttracker/gen/token/token_grpc.pb.go:105.171,107.32 2 0
github.com/Jisnu-Dev/studenttracker/gen/token/token_grpc.pb.go:107.32,109.3 1 0
github.com/Jisnu-Dev/studenttracker/gen/token/token_grpc.pb.go:110.2,110.24 1 0
github.com/Jisnu-Dev/studenttracker/gen/token/token_grpc.pb.go:110.24,112.3 1 0
github.com/Jisnu-Dev/studenttracker/gen/token/token_grpc.pb.go:113.2,117.77 2 0
github.com/Jisnu-Dev/studenttracker/gen/token/token_grpc.pb.go:117.77,119.3 1 0
github.com/Jisnu-Dev/studenttracker/gen/token/token_grpc.pb.go:120.2,120.44 1 0
github.com/Jisnu-Dev/studenttracker/gen/token/token_grpc.pb.go:123.171,125.32 2 0
github.com/Jisnu-Dev/studenttracker/gen/token/token_grpc.pb.go:125.32,127.3 1 0
github.com/Jisnu-Dev/studenttracker/gen/token/token_grpc.pb.go:128.2,128.24 1 0
github.com/Jisnu-Dev/studenttracker/gen/token/token_grpc.pb.go:128.24,130.3 1 0
github.com/Jisnu-Dev/studenttracker/gen/token/token_grpc.pb.go:131.2,135.77 2 0
github.com/Jisnu-Dev/studenttracker/gen/token/token_grpc.pb.go:135.77,137.3 1 0
github.com/Jisnu-Dev/studenttracker/gen/token/token_grpc.pb.go:138.2,138.44 1 0
