mode: set
github.com/Jisnu-Dev/studenttracker/internals/services/utils/utils.go:12.84,17.25 4 1
github.com/Jisnu-Dev/studenttracker/internals/services/utils/utils.go:17.25,21.3 3 1
github.com/Jisnu-Dev/studenttracker/internals/services/utils/utils.go:23.2,23.26 1 1
github.com/Jisnu-Dev/studenttracker/internals/services/utils/utils.go:23.26,27.3 3 1
github.com/Jisnu-Dev/studenttracker/internals/services/utils/utils.go:29.2,29.31 1 1
github.com/Jisnu-Dev/studenttracker/internals/services/utils/utils.go:29.31,33.3 3 1
github.com/Jisnu-Dev/studenttracker/internals/services/utils/utils.go:35.2,35.29 1 1
github.com/Jisnu-Dev/studenttracker/internals/services/utils/utils.go:35.29,39.3 3 1
github.com/Jisnu-Dev/studenttracker/internals/services/utils/utils.go:41.2,41.24 1 1
github.com/Jisnu-Dev/studenttracker/internals/services/utils/utils.go:41.24,45.3 3 1
github.com/Jisnu-Dev/studenttracker/internals/services/utils/utils.go:47.2,47.21 1 1
github.com/Jisnu-Dev/studenttracker/internals/services/utils/utils.go:47.21,49.3 1 1
github.com/Jisnu-Dev/studenttracker/internals/services/utils/utils.go:51.2,54.25 3 1
github.com/Jisnu-Dev/studenttracker/internals/services/utils/utils.go:59.40,61.28 2 0
github.com/Jisnu-Dev/studenttracker/internals/services/utils/utils.go:61.28,63.3 1 0
github.com/Jisnu-Dev/studenttracker/internals/services/utils/utils.go:64.2,64.14 1 0
github.com/Jisnu-Dev/studenttracker/internals/validation/validation.go:25.38,26.69 1 1
github.com/Jisnu-Dev/studenttracker/internals/validation/validation.go:26.69,28.3 1 1
github.com/Jisnu-Dev/studenttracker/internals/validation/validation.go:29.2,30.32 2 1
github.com/Jisnu-Dev/studenttracker/internals/validation/validation.go:30.32,32.3 1 1
github.com/Jisnu-Dev/studenttracker/internals/validation/validation.go:33.2,33.41 1 1
github.com/Jisnu-Dev/studenttracker/internals/validation/validation.go:33.41,35.3 1 1
github.com/Jisnu-Dev/studenttracker/internals/validation/validation.go:36.2,36.12 1 1
github.com/Jisnu-Dev/studenttracker/internals/validation/validation.go:39.40,40.17 1 1
github.com/Jisnu-Dev/studenttracker/internals/validation/validation.go:40.17,42.3 1 1
github.com/Jisnu-Dev/studenttracker/internals/validation/validation.go:43.2,43.27 1 1
github.com/Jisnu-Dev/studenttracker/internals/validation/validation.go:43.27,45.3 1 1
github.com/Jisnu-Dev/studenttracker/internals/validation/validation.go:46.2,46.39 1 1
github.com/Jisnu-Dev/studenttracker/internals/validation/validation.go:46.39,48.3 1 1
github.com/Jisnu-Dev/studenttracker/internals/validation/validation.go:49.2,49.35 1 1
github.com/Jisnu-Dev/studenttracker/internals/validation/validation.go:49.35,51.3 1 1
github.com/Jisnu-Dev/studenttracker/internals/validation/validation.go:52.2,52.40 1 1
github.com/Jisnu-Dev/studenttracker/internals/validation/validation.go:52.40,54.3 1 1
github.com/Jisnu-Dev/studenttracker/internals/validation/validation.go:56.2,57.16 2 1
github.com/Jisnu-Dev/studenttracker/internals/validation/validation.go:57.16,59.3 1 1
github.com/Jisnu-Dev/studenttracker/internals/validation/validation.go:60.2,60.27 1 1
github.com/Jisnu-Dev/studenttracker/internals/validation/validation.go:60.27,62.3 1 0
github.com/Jisnu-Dev/studenttracker/internals/validation/validation.go:64.2,64.12 1 1
github.com/Jisnu-Dev/studenttracker/internals/validation/validation.go:67.59,68.29 1 1
github.com/Jisnu-Dev/studenttracker/internals/validation/validation.go:68.29,70.3 1 1
github.com/Jisnu-Dev/studenttracker/internals/validation/validation.go:71.2,71.12 1 1
github.com/Jisnu-Dev/studenttracker/internals/validation/validation.go:74.43,75.34 1 1
github.com/Jisnu-Dev/studenttracker/internals/validation/validation.go:75.34,77.3 1 1
github.com/Jisnu-Dev/studenttracker/internals/validation/validation.go:78.2,78.12 1 1
github.com/Jisnu-Dev/studenttracker/internals/validation/validation.go:81.33,82.26 1 1
github.com/Jisnu-Dev/studenttracker/internals/validation/validation.go:82.26,84.3 1 1
github.com/Jisnu-Dev/studenttracker/internals/validation/validation.go:85.2,85.12 1 1
github.com/Jisnu-Dev/studenttracker/internals/validation/validation.go:88.46,89.20 1 1
github.com/Jisnu-Dev/studenttracker/internals/validation/validation.go:89.20,91.3 1 1
github.com/Jisnu-Dev/studenttracker/internals/validation/validation.go:92.2,93.16 2 1
github.com/Jisnu-Dev/studenttracker/internals/validation/validation.go:93.16,95.3 1 1
github.com/Jisnu-Dev/studenttracker/internals/validation/validation.go:96.2,96.39 1 1
github.com/Jisnu-Dev/studenttracker/internals/validation/validation.go:96.39,98.3 1 1
github.com/Jisnu-Dev/studenttracker/internals/validation/validation.go:100.2,101.30 2 1
github.com/Jisnu-Dev/studenttracker/internals/validation/validation.go:101.30,102.10 1 1
github.com/Jisnu-Dev/studenttracker/internals/validation/validation.go:103.60,104.70 1 1
github.com/Jisnu-Dev/studenttracker/internals/validation/validation.go:105.57,106.20 1 1
github.com/Jisnu-Dev/studenttracker/internals/validation/validation.go:107.31,108.19 1 1
github.com/Jisnu-Dev/studenttracker/internals/validation/validation.go:111.2,111.29 1 1
github.com/Jisnu-Dev/studenttracker/internals/validation/validation.go:111.29,113.3 1 1
github.com/Jisnu-Dev/studenttracker/internals/validation/validation.go:114.2,114.12 1 1
github.com/Jisnu-Dev/studenttracker/internals/validation/validation.go:117.58,118.17 1 1
github.com/Jisnu-Dev/studenttracker/internals/validation/validation.go:118.17,120.3 1 1
github.com/Jisnu-Dev/studenttracker/internals/validation/validation.go:121.2,121.50 1 1
github.com/Jisnu-Dev/studenttracker/internals/validation/validation.go:121.50,123.3 1 1
github.com/Jisnu-Dev/studenttracker/internals/validation/validation.go:124.2,124.12 1 1
github.com/Jisnu-Dev/studenttracker/internals/validation/validation.go:127.47,135.2 7 1
github.com/Jisnu-Dev/studenttracker/internals/validation/validation.go:137.57,140.97 2 1
github.com/Jisnu-Dev/studenttracker/internals/validation/validation.go:140.97,143.3 2 1
github.com/Jisnu-Dev/studenttracker/internals/validation/validation.go:145.2,145.19 1 1
github.com/Jisnu-Dev/studenttracker/internals/validation/validation.go:145.19,147.3 1 1
github.com/Jisnu-Dev/studenttracker/internals/validation/validation.go:148.2,148.20 1 1
github.com/Jisnu-Dev/studenttracker/internals/validation/validation.go:148.20,150.3 1 0
github.com/Jisnu-Dev/studenttracker/internals/validation/validation.go:151.2,151.25 1 1
github.com/Jisnu-Dev/studenttracker/internals/validation/validation.go:151.25,153.3 1 1
github.com/Jisnu-Dev/studenttracker/internals/validation/validation.go:154.2,154.23 1 1
github.com/Jisnu-Dev/studenttracker/internals/validation/validation.go:154.23,156.3 1 0
github.com/Jisnu-Dev/studenttracker/internals/validation/validation.go:157.2,157.18 1 1
github.com/Jisnu-Dev/studenttracker/internals/validation/validation.go:157.18,159.3 1 1
github.com/Jisnu-Dev/studenttracker/internals/validation/validation.go:161.2,161.23 1 1
github.com/Jisnu-Dev/studenttracker/internals/validation/validation.go:164.51,170.2 5 1
github.com/Jisnu-Dev/studenttracker/internals/validation/validation.go:172.55,177.2 4 1
github.com/Jisnu-Dev/studenttracker/internals/handlers/utils/ParseParamID.go:10.67,13.27 3 1
github.com/Jisnu-Dev/studenttracker/internals/handlers/utils/ParseParamID.go:13.27,16.3 2 1
github.com/Jisnu-Dev/studenttracker/internals/handlers/utils/ParseParamID.go:17.2,17.17 1 1
github.com/Jisnu-Dev/studenttracker/internals/handlers/utils/bindJson.go:9.48,10.49 1 1
github.com/Jisnu-Dev/studenttracker/internals/handlers/utils/bindJson.go:10.49,13.3 2 1
github.com/Jisnu-Dev/studenttracker/internals/handlers/utils/bindJson.go:14.2,14.13 1 1
github.com/Jisnu-Dev/studenttracker/internals/handlers/utils/checkPasswordHash.go:7.52,10.2 2 1
github.com/Jisnu-Dev/studenttracker/internals/handlers/utils/hashPassword.go:7.52,10.2 2 1
github.com/Jisnu-Dev/studenttracker/internals/handlers/utils/respondWithError.go:5.71,7.2 1 1
github.com/Jisnu-Dev/studenttracker/internals/handlers/utils/respondWithJSON.go:5.67,7.2 1 1
github.com/Jisnu-Dev/studenttracker/internals/middlewares/authMiddleware.go:11.82,12.30 1 1
github.com/Jisnu-Dev/studenttracker/internals/middlewares/authMiddleware.go:12.30,14.23 2 1
github.com/Jisnu-Dev/studenttracker/internals/middlewares/authMiddleware.go:14.23,19.4 2 1
github.com/Jisnu-Dev/studenttracker/internals/middlewares/authMiddleware.go:21.3,22.63 2 1
github.com/Jisnu-Dev/studenttracker/internals/middlewares/authMiddleware.go:22.63,27.4 2 1
github.com/Jisnu-Dev/studenttracker/internals/middlewares/authMiddleware.go:29.3,32.29 3 1
github.com/Jisnu-Dev/studenttracker/internals/middlewares/authMiddleware.go:32.29,37.4 2 1
github.com/Jisnu-Dev/studenttracker/internals/middlewares/authMiddleware.go:39.3,42.11 3 1
github.com/Jisnu-Dev/studenttracker/internals/handlers/createStudentHandler.go:14.56,17.34 2 1
github.com/Jisnu-Dev/studenttracker/internals/handlers/createStudentHandler.go:17.34,19.3 1 1
github.com/Jisnu-Dev/studenttracker/internals/handlers/createStudentHandler.go:21.2,21.61 1 1
github.com/Jisnu-Dev/studenttracker/internals/handlers/createStudentHandler.go:21.61,24.3 2 1
github.com/Jisnu-Dev/studenttracker/internals/handlers/createStudentHandler.go:26.2,27.16 2 1
github.com/Jisnu-Dev/studenttracker/internals/handlers/createStudentHandler.go:27.16,28.53 1 1
github.com/Jisnu-Dev/studenttracker/internals/handlers/createStudentHandler.go:28.53,31.4 2 1
github.com/Jisnu-Dev/studenttracker/internals/handlers/createStudentHandler.go:32.3,33.9 2 1
github.com/Jisnu-Dev/studenttracker/internals/handlers/createStudentHandler.go:36.2,39.4 1 1
github.com/Jisnu-Dev/studenttracker/internals/handlers/deleteStudentHandler.go:12.56,14.9 2 1
github.com/Jisnu-Dev/studenttracker/internals/handlers/deleteStudentHandler.go:14.9,16.3 1 1
github.com/Jisnu-Dev/studenttracker/internals/handlers/deleteStudentHandler.go:18.2,19.64 2 1
github.com/Jisnu-Dev/studenttracker/internals/handlers/deleteStudentHandler.go:19.64,22.3 2 1
github.com/Jisnu-Dev/studenttracker/internals/handlers/deleteStudentHandler.go:24.2,27.4 1 1
github.com/Jisnu-Dev/studenttracker/internals/handlers/getAllStudentsHandler.go:10.57,12.16 2 1
github.com/Jisnu-Dev/studenttracker/internals/handlers/getAllStudentsHandler.go:12.16,15.3 2 1
github.com/Jisnu-Dev/studenttracker/internals/handlers/getAllStudentsHandler.go:16.2,16.24 1 1
github.com/Jisnu-Dev/studenttracker/internals/handlers/getAllStudentsHandler.go:16.24,19.3 2 1
github.com/Jisnu-Dev/studenttracker/internals/handlers/getAllStudentsHandler.go:20.2,20.51 1 1
github.com/Jisnu-Dev/studenttracker/internals/handlers/getStudentByIDHandler.go:12.57,14.9 2 1
github.com/Jisnu-Dev/studenttracker/internals/handlers/getStudentByIDHandler.go:14.9,16.3 1 1
github.com/Jisnu-Dev/studenttracker/internals/handlers/getStudentByIDHandler.go:18.2,19.16 2 1
github.com/Jisnu-Dev/studenttracker/internals/handlers/getStudentByIDHandler.go:19.16,20.50 1 1
github.com/Jisnu-Dev/studenttracker/internals/handlers/getStudentByIDHandler.go:20.50,23.4 2 1
github.com/Jisnu-Dev/studenttracker/internals/handlers/getStudentByIDHandler.go:24.3,25.9 2 1
github.com/Jisnu-Dev/studenttracker/internals/handlers/getStudentByIDHandler.go:28.2,28.68 1 1
github.com/Jisnu-Dev/studenttracker/internals/handlers/handler.go:13.106,18.2 1 1
github.com/Jisnu-Dev/studenttracker/internals/handlers/loginAdminHandler.go:14.53,17.30 2 1
github.com/Jisnu-Dev/studenttracker/internals/handlers/loginAdminHandler.go:17.30,19.3 1 1
github.com/Jisnu-Dev/studenttracker/internals/handlers/loginAdminHandler.go:21.2,21.60 1 1
github.com/Jisnu-Dev/studenttracker/internals/handlers/loginAdminHandler.go:21.60,24.3 2 1
github.com/Jisnu-Dev/studenttracker/internals/handlers/loginAdminHandler.go:26.2,27.16 2 1
github.com/Jisnu-Dev/studenttracker/internals/handlers/loginAdminHandler.go:27.16,28.48 1 1
github.com/Jisnu-Dev/studenttracker/internals/handlers/loginAdminHandler.go:28.48,31.4 2 1
github.com/Jisnu-Dev/studenttracker/internals/handlers/loginAdminHandler.go:32.3,33.9 2 1
github.com/Jisnu-Dev/studenttracker/internals/handlers/loginAdminHandler.go:36.2,36.60 1 1
github.com/Jisnu-Dev/studenttracker/internals/handlers/loginAdminHandler.go:36.60,39.3 2 1
github.com/Jisnu-Dev/studenttracker/internals/handlers/loginAdminHandler.go:41.2,42.16 2 1
github.com/Jisnu-Dev/studenttracker/internals/handlers/loginAdminHandler.go:42.16,45.3 2 1
github.com/Jisnu-Dev/studenttracker/internals/handlers/loginAdminHandler.go:47.2,51.4 1 1
github.com/Jisnu-Dev/studenttracker/internals/handlers/patchStudentHandler.go:14.55,16.9 2 1
github.com/Jisnu-Dev/studenttracker/internals/handlers/patchStudentHandler.go:16.9,18.3 1 1
github.com/Jisnu-Dev/studenttracker/internals/handlers/patchStudentHandler.go:20.2,21.39 2 1
github.com/Jisnu-Dev/studenttracker/internals/handlers/patchStudentHandler.go:21.39,23.3 1 1
github.com/Jisnu-Dev/studenttracker/internals/handlers/patchStudentHandler.go:25.2,25.71 1 1
github.com/Jisnu-Dev/studenttracker/internals/handlers/patchStudentHandler.go:25.71,28.3 2 1
github.com/Jisnu-Dev/studenttracker/internals/handlers/patchStudentHandler.go:30.2,30.65 1 1
github.com/Jisnu-Dev/studenttracker/internals/handlers/patchStudentHandler.go:30.65,31.50 1 1
github.com/Jisnu-Dev/studenttracker/internals/handlers/patchStudentHandler.go:31.50,34.4 2 1
github.com/Jisnu-Dev/studenttracker/internals/handlers/patchStudentHandler.go:35.3,35.53 1 1
github.com/Jisnu-Dev/studenttracker/internals/handlers/patchStudentHandler.go:35.53,38.4 2 1
github.com/Jisnu-Dev/studenttracker/internals/handlers/patchStudentHandler.go:39.3,39.51 1 1
github.com/Jisnu-Dev/studenttracker/internals/handlers/patchStudentHandler.go:39.51,42.4 2 1
github.com/Jisnu-Dev/studenttracker/internals/handlers/patchStudentHandler.go:43.3,44.9 2 1
github.com/Jisnu-Dev/studenttracker/internals/handlers/patchStudentHandler.go:47.2,47.91 1 1
github.com/Jisnu-Dev/studenttracker/internals/handlers/registerAdminHandler.go:14.56,17.32 2 1
github.com/Jisnu-Dev/studenttracker/internals/handlers/registerAdminHandler.go:17.32,19.3 1 1
github.com/Jisnu-Dev/studenttracker/internals/handlers/registerAdminHandler.go:21.2,21.65 1 1
github.com/Jisnu-Dev/studenttracker/internals/handlers/registerAdminHandler.go:21.65,24.3 2 1
github.com/Jisnu-Dev/studenttracker/internals/handlers/registerAdminHandler.go:26.2,27.16 2 1
github.com/Jisnu-Dev/studenttracker/internals/handlers/registerAdminHandler.go:27.16,30.3 2 1
github.com/Jisnu-Dev/studenttracker/internals/handlers/registerAdminHandler.go:32.2,35.16 3 1
github.com/Jisnu-Dev/studenttracker/internals/handlers/registerAdminHandler.go:35.16,36.51 1 1
github.com/Jisnu-Dev/studenttracker/internals/handlers/registerAdminHandler.go:36.51,39.4 2 1
github.com/Jisnu-Dev/studenttracker/internals/handlers/registerAdminHandler.go:40.3,41.9 2 1
github.com/Jisnu-Dev/studenttracker/internals/handlers/registerAdminHandler.go:44.2,45.16 2 1
github.com/Jisnu-Dev/studenttracker/internals/handlers/registerAdminHandler.go:45.16,48.3 2 1
github.com/Jisnu-Dev/studenttracker/internals/handlers/registerAdminHandler.go:50.2,54.4 1 1
github.com/Jisnu-Dev/studenttracker/internals/handlers/updateStudentHandler.go:14.56,16.9 2 1
github.com/Jisnu-Dev/studenttracker/internals/handlers/updateStudentHandler.go:16.9,18.3 1 1
github.com/Jisnu-Dev/studenttracker/internals/handlers/updateStudentHandler.go:20.2,21.34 2 1
github.com/Jisnu-Dev/studenttracker/internals/handlers/updateStudentHandler.go:21.34,23.3 1 1
github.com/Jisnu-Dev/studenttracker/internals/handlers/updateStudentHandler.go:25.2,25.61 1 1
github.com/Jisnu-Dev/studenttracker/internals/handlers/updateStudentHandler.go:25.61,28.3 2 1
github.com/Jisnu-Dev/studenttracker/internals/handlers/updateStudentHandler.go:30.2,30.61 1 1
github.com/Jisnu-Dev/studenttracker/internals/handlers/updateStudentHandler.go:30.61,31.50 1 1
github.com/Jisnu-Dev/studenttracker/internals/handlers/updateStudentHandler.go:31.50,34.4 2 1
github.com/Jisnu-Dev/studenttracker/internals/handlers/updateStudentHandler.go:35.3,35.53 1 1
github.com/Jisnu-Dev/studenttracker/internals/handlers/updateStudentHandler.go:35.53,38.4 2 1
github.com/Jisnu-Dev/studenttracker/internals/handlers/updateStudentHandler.go:39.3,40.9 2 1
github.com/Jisnu-Dev/studenttracker/internals/handlers/updateStudentHandler.go:43.2,43.91 1 1
github.com/Jisnu-Dev/studenttracker/internals/grpcClient/generateToken.go:14.108,16.18 2 1
github.com/Jisnu-Dev/studenttracker/internals/grpcClient/generateToken.go:16.18,18.3 1 1
github.com/Jisnu-Dev/studenttracker/internals/grpcClient/generateToken.go:19.2,19.61 1 1
github.com/Jisnu-Dev/studenttracker/internals/grpcClient/generateToken.go:19.61,21.3 1 1
github.com/Jisnu-Dev/studenttracker/internals/grpcClient/generateToken.go:22.2,22.19 1 1
github.com/Jisnu-Dev/studenttracker/internals/grpcClient/generateToken.go:22.19,24.3 1 1
github.com/Jisnu-Dev/studenttracker/internals/grpcClient/generateToken.go:26.2,33.16 4 1
github.com/Jisnu-Dev/studenttracker/internals/grpcClient/generateToken.go:33.16,35.3 1 1
github.com/Jisnu-Dev/studenttracker/internals/grpcClient/generateToken.go:37.2,37.29 1 1
github.com/Jisnu-Dev/studenttracker/internals/grpcClient/tokenClient.go:22.62,24.16 2 0
github.com/Jisnu-Dev/studenttracker/internals/grpcClient/tokenClient.go:24.16,26.3 1 0
github.com/Jisnu-Dev/studenttracker/internals/grpcClient/tokenClient.go:28.2,31.8 1 0
github.com/Jisnu-Dev/studenttracker/internals/grpcClient/tokenClient.go:36.71,38.2 1 1
github.com/Jisnu-Dev/studenttracker/internals/grpcClient/validateToken.go:13.101,16.19 3 1
github.com/Jisnu-Dev/studenttracker/internals/grpcClient/validateToken.go:16.19,18.3 1 1
github.com/Jisnu-Dev/studenttracker/internals/grpcClient/validateToken.go:18.8,19.46 1 1
github.com/Jisnu-Dev/studenttracker/internals/grpcClient/validateToken.go:19.46,21.4 1 1
github.com/Jisnu-Dev/studenttracker/internals/grpcClient/validateToken.go:22.3,22.39 1 1
github.com/Jisnu-Dev/studenttracker/internals/grpcClient/validateToken.go:22.39,24.4 1 1
github.com/Jisnu-Dev/studenttracker/internals/grpcClient/validateToken.go:26.2,26.19 1 1
github.com/Jisnu-Dev/studenttracker/internals/grpcClient/validateToken.go:26.19,28.3 1 1
github.com/Jisnu-Dev/studenttracker/internals/grpcClient/validateToken.go:30.2,36.16 4 1
github.com/Jisnu-Dev/studenttracker/internals/grpcClient/validateToken.go:36.16,38.3 1 1
github.com/Jisnu-Dev/studenttracker/internals/grpcClient/validateToken.go:40.2,40.72 1 1
github.com/Jisnu-Dev/studenttracker/cmd/api.go:34.96,35.47 1 0
github.com/Jisnu-Dev/studenttracker/cmd/api.go:35.47,37.3 1 0
github.com/Jisnu-Dev/studenttracker/cmd/api.go:39.2,51.60 10 0
github.com/Jisnu-Dev/studenttracker/cmd/api.go:54.18,58.16 3 0
github.com/Jisnu-Dev/studenttracker/cmd/api.go:58.16,60.3 1 0
github.com/Jisnu-Dev/studenttracker/cmd/api.go:61.2,65.16 3 0
github.com/Jisnu-Dev/studenttracker/cmd/api.go:65.16,67.3 1 0
github.com/Jisnu-Dev/studenttracker/cmd/api.go:69.2,80.60 8 0
github.com/Jisnu-Dev/studenttracker/cmd/api.go:80.60,82.3 1 0
github.com/Jisnu-Dev/studenttracker/cmd/api.go:84.2,84.12 1 0
github.com/Jisnu-Dev/studenttracker/cmd/api.go:87.30,88.40 1 0
github.com/Jisnu-Dev/studenttracker/cmd/api.go:88.40,90.3 1 0
github.com/Jisnu-Dev/studenttracker/cmd/api.go:92.2,103.3 1 0
github.com/Jisnu-Dev/studenttracker/cmd/api.go:106.51,107.48 1 0
github.com/Jisnu-Dev/studenttracker/cmd/api.go:107.48,108.18 1 0
github.com/Jisnu-Dev/studenttracker/cmd/api.go:108.18,110.4 1 0
github.com/Jisnu-Dev/studenttracker/cmd/api.go:112.2,112.17 1 0
github.com/Jisnu-Dev/studenttracker/cmd/api.go:115.41,118.2 1 0
github.com/Jisnu-Dev/studenttracker/cmd/api.go:120.56,123.16 3 0
github.com/Jisnu-Dev/studenttracker/cmd/api.go:123.16,125.3 1 0
github.com/Jisnu-Dev/studenttracker/cmd/api.go:127.2,127.34 1 0
github.com/Jisnu-Dev/studenttracker/cmd/api.go:127.34,129.3 1 0
github.com/Jisnu-Dev/studenttracker/cmd/api.go:131.2,132.16 2 0
github.com/Jisnu-Dev/studenttracker/cmd/main.go:5.13,6.30 1 0
github.com/Jisnu-Dev/studenttracker/cmd/main.go:6.30,8.3 1 0
github.com/Jisnu-Dev/studenttracker/internals/services/service.go:28.38,30.2 1 0
github.com/Jisnu-Dev/studenttracker/internals/services/service.go:32.70,36.135 3 0
github.com/Jisnu-Dev/studenttracker/internals/services/service.go:36.135,37.35 1 0
github.com/Jisnu-Dev/studenttracker/internals/services/service.go:37.35,39.4 1 0
github.com/Jisnu-Dev/studenttracker/internals/services/service.go:40.3,45.44 2 0
github.com/Jisnu-Dev/studenttracker/internals/services/service.go:48.2,48.16 1 0
github.com/Jisnu-Dev/studenttracker/internals/services/service.go:51.62,55.16 3 0
github.com/Jisnu-Dev/studenttracker/internals/services/service.go:55.16,61.3 2 0
github.com/Jisnu-Dev/studenttracker/internals/services/service.go:62.2,65.18 3 0
github.com/Jisnu-Dev/studenttracker/internals/services/service.go:65.18,67.179 2 0
github.com/Jisnu-Dev/studenttracker/internals/services/service.go:67.179,73.4 2 0
github.com/Jisnu-Dev/studenttracker/internals/services/service.go:75.3,77.39 3 0
github.com/Jisnu-Dev/studenttracker/internals/services/service.go:80.2,80.35 1 0
github.com/Jisnu-Dev/studenttracker/internals/services/service.go:80.35,86.3 2 0
github.com/Jisnu-Dev/studenttracker/internals/services/service.go:88.2,88.22 1 0
github.com/Jisnu-Dev/studenttracker/internals/services/service.go:91.68,95.198 3 0
github.com/Jisnu-Dev/studenttracker/internals/services/service.go:95.198,96.36 1 0
github.com/Jisnu-Dev/studenttracker/internals/services/service.go:96.36,98.4 1 0
github.com/Jisnu-Dev/studenttracker/internals/services/service.go:99.3,104.60 2 0
github.com/Jisnu-Dev/studenttracker/internals/services/service.go:106.2,106.21 1 0
github.com/Jisnu-Dev/studenttracker/internals/services/service.go:109.49,113.16 3 0
github.com/Jisnu-Dev/studenttracker/internals/services/service.go:113.16,120.3 2 0
github.com/Jisnu-Dev/studenttracker/internals/services/service.go:122.2,123.16 2 0
github.com/Jisnu-Dev/studenttracker/internals/services/service.go:123.16,130.3 2 0
github.com/Jisnu-Dev/studenttracker/internals/services/service.go:131.2,131.23 1 0
github.com/Jisnu-Dev/studenttracker/internals/services/service.go:131.23,133.3 1 0
github.com/Jisnu-Dev/studenttracker/internals/services/service.go:134.2,134.22 1 0
github.com/Jisnu-Dev/studenttracker/internals/services/service.go:134.22,141.3 2 0
github.com/Jisnu-Dev/studenttracker/internals/services/service.go:143.2,143.12 1 0
github.com/Jisnu-Dev/studenttracker/internals/services/service.go:146.73,150.16 3 0
github.com/Jisnu-Dev/studenttracker/internals/services/service.go:150.16,151.35 1 0
github.com/Jisnu-Dev/studenttracker/internals/services/service.go:151.35,153.4 1 0
github.com/Jisnu-Dev/studenttracker/internals/services/service.go:154.3,159.41 2 0
github.com/Jisnu-Dev/studenttracker/internals/services/service.go:161.2,162.16 2 0
github.com/Jisnu-Dev/studenttracker/internals/services/service.go:162.16,169.3 2 0
github.com/Jisnu-Dev/studenttracker/internals/services/service.go:170.2,170.23 1 0
github.com/Jisnu-Dev/studenttracker/internals/services/service.go:170.23,172.3 1 0
github.com/Jisnu-Dev/studenttracker/internals/services/service.go:173.2,173.22 1 0
github.com/Jisnu-Dev/studenttracker/internals/services/service.go:173.22,180.3 2 0
github.com/Jisnu-Dev/studenttracker/internals/services/service.go:181.2,181.12 1 0
github.com/Jisnu-Dev/studenttracker/internals/services/service.go:184.77,186.16 2 0
github.com/Jisnu-Dev/studenttracker/internals/services/service.go:186.16,188.3 1 0
github.com/Jisnu-Dev/studenttracker/internals/services/service.go:190.2,191.16 2 0
github.com/Jisnu-Dev/studenttracker/internals/services/service.go:191.16,192.35 1 0
github.com/Jisnu-Dev/studenttracker/internals/services/service.go:192.35,194.4 1 0
github.com/Jisnu-Dev/studenttracker/internals/services/service.go:195.3,200.40 2 0
github.com/Jisnu-Dev/studenttracker/internals/services/service.go:203.2,204.16 2 0
github.com/Jisnu-Dev/studenttracker/internals/services/service.go:204.16,211.3 2 0
github.com/Jisnu-Dev/studenttracker/internals/services/service.go:212.2,212.23 1 0
github.com/Jisnu-Dev/studenttracker/internals/services/service.go:212.23,214.3 1 0
github.com/Jisnu-Dev/studenttracker/internals/services/service.go:215.2,215.22 1 0
github.com/Jisnu-Dev/studenttracker/internals/services/service.go:215.22,222.3 2 0
github.com/Jisnu-Dev/studenttracker/internals/services/service.go:223.2,223.12 1 0
github.com/Jisnu-Dev/studenttracker/internals/services/service.go:227.68,231.96 3 0
github.com/Jisnu-Dev/studenttracker/internals/services/service.go:231.96,232.35 1 0
github.com/Jisnu-Dev/studenttracker/internals/services/service.go:232.35,234.4 1 0
github.com/Jisnu-Dev/studenttracker/internals/services/service.go:235.3,240.44 2 0
github.com/Jisnu-Dev/studenttracker/internals/services/service.go:243.2,243.16 1 0
github.com/Jisnu-Dev/studenttracker/internals/services/service.go:246.71,250.112 3 0
github.com/Jisnu-Dev/studenttracker/internals/services/service.go:250.112,251.36 1 0
github.com/Jisnu-Dev/studenttracker/internals/services/service.go:251.36,253.4 1 0
github.com/Jisnu-Dev/studenttracker/internals/services/service.go:254.3,259.59 2 0
github.com/Jisnu-Dev/studenttracker/internals/services/service.go:262.2,262.19 1 0
github.com/Jisnu-Dev/studenttracker/gen/token/token.pb.go:32.40,37.2 4 0
github.com/Jisnu-Dev/studenttracker/gen/token/token.pb.go:39.48,41.2 1 0
github.com/Jisnu-Dev/studenttracker/gen/token/token.pb.go:43.46,43.47 0 0
github.com/Jisnu-Dev/studenttracker/gen/token/token.pb.go:45.68,47.14 2 0
github.com/Jisnu-Dev/studenttracker/gen/token/token.pb.go:47.14,49.34 2 0
github.com/Jisnu-Dev/studenttracker/gen/token/token.pb.go:49.34,51.4 1 0
github.com/Jisnu-Dev/studenttracker/gen/token/token.pb.go:52.3,52.12 1 0
github.com/Jisnu-Dev/studenttracker/gen/token/token.pb.go:54.2,54.24 1 0
github.com/Jisnu-Dev/studenttracker/gen/token/token.pb.go:58.59,60.2 1 0
github.com/Jisnu-Dev/studenttracker/gen/token/token.pb.go:62.51,63.14 1 0
github.com/Jisnu-Dev/studenttracker/gen/token/token.pb.go:63.14,65.3 1 0
github.com/Jisnu-Dev/studenttracker/gen/token/token.pb.go:66.2,66.10 1 0
github.com/Jisnu-Dev/studenttracker/gen/token/token.pb.go:69.55,70.14 1 0
github.com/Jisnu-Dev/studenttracker/gen/token/token.pb.go:70.14,72.3 1 0
github.com/Jisnu-Dev/studenttracker/gen/token/token.pb.go:73.2,73.11 1 0
github.com/Jisnu-Dev/studenttracker/gen/token/token.pb.go:83.41,88.2 4 0
github.com/Jisnu-Dev/studenttracker/gen/token/token.pb.go:90.49,92.2 1 0
github.com/Jisnu-Dev/studenttracker/gen/token/token.pb.go:94.47,94.48 0 0
github.com/Jisnu-Dev/studenttracker/gen/token/token.pb.go:96.69,98.14 2 0
github.com/Jisnu-Dev/studenttracker/gen/token/token.pb.go:98.14,100.34 2 0
github.com/Jisnu-Dev/studenttracker/gen/token/token.pb.go:100.34,102.4 1 0
github.com/Jisnu-Dev/studenttracker/gen/token/token.pb.go:103.3,103.12 1 0
github.com/Jisnu-Dev/studenttracker/gen/token/token.pb.go:105.2,105.24 1 0
github.com/Jisnu-Dev/studenttracker/gen/token/token.pb.go:109.60,111.2 1 0
github.com/Jisnu-Dev/studenttracker/gen/token/token.pb.go:113.51,114.14 1 0
github.com/Jisnu-Dev/studenttracker/gen/token/token.pb.go:114.14,116.3 1 0
github.com/Jisnu-Dev/studenttracker/gen/token/token.pb.go:117.2,117.11 1 0
github.com/Jisnu-Dev/studenttracker/gen/token/token.pb.go:127.40,132.2 4 0
github.com/Jisnu-Dev/studenttracker/gen/token/token.pb.go:134.48,136.2 1 0
github.com/Jisnu-Dev/studenttracker/gen/token/token.pb.go:138.46,138.47 0 0
github.com/Jisnu-Dev/studenttracker/gen/token/token.pb.go:140.68,142.14 2 0
github.com/Jisnu-Dev/studenttracker/gen/token/token.pb.go:142.14,144.34 2 0
github.com/Jisnu-Dev/studenttracker/gen/token/token.pb.go:144.34,146.4 1 0
github.com/Jisnu-Dev/studenttracker/gen/token/token.pb.go:147.3,147.12 1 0
github.com/Jisnu-Dev/studenttracker/gen/token/token.pb.go:149.2,149.24 1 0
github.com/Jisnu-Dev/studenttracker/gen/token/token.pb.go:153.59,155.2 1 0
github.com/Jisnu-Dev/studenttracker/gen/token/token.pb.go:157.50,158.14 1 0
github.com/Jisnu-Dev/studenttracker/gen/token/token.pb.go:158.14,160.3 1 0
github.com/Jisnu-Dev/studenttracker/gen/token/token.pb.go:161.2,161.11 1 0
github.com/Jisnu-Dev/studenttracker/gen/token/token.pb.go:173.41,178.2 4 0
github.com/Jisnu-Dev/studenttracker/gen/token/token.pb.go:180.49,182.2 1 0
github.com/Jisnu-Dev/studenttracker/gen/token/token.pb.go:184.47,184.48 0 0
github.com/Jisnu-Dev/studenttracker/gen/token/token.pb.go:186.69,188.14 2 0
github.com/Jisnu-Dev/studenttracker/gen/token/token.pb.go:188.14,190.34 2 0
github.com/Jisnu-Dev/studenttracker/gen/token/token.pb.go:190.34,192.4 1 0
github.com/Jisnu-Dev/studenttracker/gen/token/token.pb.go:193.3,193.12 1 0
github.com/Jisnu-Dev/studenttracker/gen/token/token.pb.go:195.2,195.24 1 0
github.com/Jisnu-Dev/studenttracker/gen/token/token.pb.go:199.60,201.2 1 0
github.com/Jisnu-Dev/studenttracker/gen/token/token.pb.go:203.51,204.14 1 0
github.com/Jisnu-Dev/studenttracker/gen/token/token.pb.go:204.14,206.3 1 0
github.com/Jisnu-Dev/studenttracker/gen/token/token.pb.go:207.2,207.14 1 0
github.com/Jisnu-Dev/studenttracker/gen/token/token.pb.go:210.52,211.14 1 0
github.com/Jisnu-Dev/studenttracker/gen/token/token.pb.go:211.14,213.3 1 0
github.com/Jisnu-Dev/studenttracker/gen/token/token.pb.go:214.2,214.10 1 0
github.com/Jisnu-Dev/studenttracker/gen/token/token.pb.go:217.56,218.14 1 0
github.com/Jisnu-Dev/studenttracker/gen/token/token.pb.go:218.14,220.3 1 0
github.com/Jisnu-Dev/studenttracker/gen/token/token.pb.go:221.2,221.11 1 0
github.com/Jisnu-Dev/studenttracker/gen/token/token.pb.go:253.50,254.47 1 0
github.com/Jisnu-Dev/studenttracker/gen/token/token.pb.go:254.47,256.3 1 0
github.com/Jisnu-Dev/studenttracker/gen/token/token.pb.go:257.2,257.43 1 0
github.com/Jisnu-Dev/studenttracker/gen/token/token.pb.go:279.13,279.46 1 0
github.com/Jisnu-Dev/studenttracker/gen/token/token.pb.go:280.36,281.35 1 0
github.com/Jisnu-Dev/studenttracker/gen/token/token.pb.go:281.35,283.3 1 0
github.com/Jisnu-Dev/studenttracker/gen/token/token.pb.go:284.2,300.38 5 0
github.com/Jisnu-Dev/studenttracker/gen/token/token_grpc.pb.go:38.76,40.2 1 0
github.com/Jisnu-Dev/studenttracker/gen/token/token_grpc.pb.go:42.148,46.16 4 0
github.com/Jisnu-Dev/studenttracker/gen/token/token_grpc.pb.go:46.16,48.3 1 0
github.com/Jisnu-Dev/studenttracker/gen/token/token_grpc.pb.go:49.2,49.17 1 0
github.com/Jisnu-Dev/studenttracker/gen/token/token_grpc.pb.go:52.148,56.16 4 0
github.com/Jisnu-Dev/studenttracker/gen/token/token_grpc.pb.go:56.16,58.3 1 0
github.com/Jisnu-Dev/studenttracker/gen/token/token_grpc.pb.go:59.2,59.17 1 0
github.com/Jisnu-Dev/studenttracker/gen/token/token_grpc.pb.go:78.126,80.2 1 0
github.com/Jisnu-Dev/studenttracker/gen/token/token_grpc.pb.go:81.126,83.2 1 0
github.com/Jisnu-Dev/studenttracker/gen/token/token_grpc.pb.go:84.84,84.85 0 0
github.com/Jisnu-Dev/studenttracker/gen/token/token_grpc.pb.go:85.84,85.85 0 0
github.com/Jisnu-Dev/studenttracker/gen/token/token_grpc.pb.go:94.82,99.59 1 0
github.com/Jisnu-Dev/studenttracker/gen/token/token_grpc.pb.go:99.59,101.3 1 0
github.com/Jisnu-Dev/studenttracker/gen/token/token_grpc.pb.go:102.2,102.51 1 0
github.com/Jisnu-Dev/studenttracker/gen/token/token_grpc.pb.go:105.171,107.32 2 0
github.com/Jisnu-Dev/studenttracker/gen/token/token_grpc.pb.go:107.32,109.3 1 0
github.com/Jisnu-Dev/studenttracker/gen/token/token_grpc.pb.go:110.2,110.24 1 0
github.com/Jisnu-Dev/studenttracker/gen/token/token_grpc.pb.go:110.24,112.3 1 0
github.com/Jisnu-Dev/studenttracker/gen/token/token_grpc.pb.go:113.2,117.77 2 0
github.com/Jisnu-Dev/studenttracker/gen/token/token_grpc.pb.go:117.77,119.3 1 0
github.com/Jisnu-Dev/studenttracker/gen/token/token_grpc.pb.go:120.2,120.44 1 0
github.com/Jisnu-Dev/studenttracker/gen/token/token_grpc.pb.go:123.171,125.32 2 0
github.com/Jisnu-Dev/studenttracker/gen/token/token_grpc.pb.go:125.32,127.3 1 0
github.com/Jisnu-Dev/studenttracker/gen/token/token_grpc.pb.go:128.2,128.24 1 0
github.com/Jisnu-Dev/studenttracker/gen/token/token_grpc.pb.go:128.24,130.3 1 0
github.com/Jisnu-Dev/studenttracker/gen/token/token_grpc.pb.go:131.2,135.77 2 0
github.com/Jisnu-Dev/studenttracker/gen/token/token_grpc.pb.go:135.77,137.3 1 0
github.com/Jisnu-Dev/studenttracker/gen/token/token_grpc.pb.go:138.2,138.44 1 0
github.com/Jisnu-Dev/studenttracker/internals/mocks/grpcClient.go:27.166,31.30 3 0
github.com/Jisnu-Dev/studenttracker/internals/mocks/grpcClient.go:32.23,33.64 1 0
github.com/Jisnu-Dev/studenttracker/internals/mocks/grpcClient.go:36.2,36.19 1 0
github.com/Jisnu-Dev/studenttracker/internals/mocks/grpcClient.go:36.19,38.3 1 0
github.com/Jisnu-Dev/studenttracker/internals/mocks/grpcClient.go:39.2,39.69 1 0
github.com/Jisnu-Dev/studenttracker/internals/mocks/grpcClient.go:42.166,45.30 2 0
github.com/Jisnu-Dev/studenttracker/internals/mocks/grpcClient.go:46.23,47.76 1 0
github.com/Jisnu-Dev/studenttracker/internals/mocks/grpcClient.go:48.34,51.9 1 0
github.com/Jisnu-Dev/studenttracker/internals/mocks/grpcClient.go:54.2,55.20 2 0
github.com/Jisnu-Dev/studenttracker/internals/mocks/grpcClient.go:55.20,57.3 1 0
github.com/Jisnu-Dev/studenttracker/internals/mocks/grpcClient.go:59.2,60.24 2 0
github.com/Jisnu-Dev/studenttracker/internals/mocks/grpcClient.go:60.24,62.3 1 0
github.com/Jisnu-Dev/studenttracker/internals/mocks/grpcClient.go:64.2,68.8 1 0
github.com/Jisnu-Dev/studenttracker/internals/mocks/mockService.go:35.74,38.30 2 0
github.com/Jisnu-Dev/studenttracker/internals/mocks/mockService.go:39.21,40.43 1 0
github.com/Jisnu-Dev/studenttracker/internals/mocks/mockService.go:41.23,42.44 1 0
github.com/Jisnu-Dev/studenttracker/internals/mocks/mockService.go:45.2,45.29 1 0
github.com/Jisnu-Dev/studenttracker/internals/mocks/mockService.go:45.29,47.3 1 0
github.com/Jisnu-Dev/studenttracker/internals/mocks/mockService.go:48.2,48.15 1 0
github.com/Jisnu-Dev/studenttracker/internals/mocks/mockService.go:51.66,52.31 1 0
github.com/Jisnu-Dev/studenttracker/internals/mocks/mockService.go:53.23,54.47 1 0
github.com/Jisnu-Dev/studenttracker/internals/mocks/mockService.go:57.2,57.27 1 0
github.com/Jisnu-Dev/studenttracker/internals/mocks/mockService.go:57.27,59.3 1 0
github.com/Jisnu-Dev/studenttracker/internals/mocks/mockService.go:61.2,61.25 1 0
github.com/Jisnu-Dev/studenttracker/internals/mocks/mockService.go:61.25,63.3 1 0
github.com/Jisnu-Dev/studenttracker/internals/mocks/mockService.go:65.2,67.8 1 0
github.com/Jisnu-Dev/studenttracker/internals/mocks/mockService.go:70.72,73.31 2 0
github.com/Jisnu-Dev/studenttracker/internals/mocks/mockService.go:74.18,75.55 1 0
github.com/Jisnu-Dev/studenttracker/internals/mocks/mockService.go:76.23,77.60 1 0
github.com/Jisnu-Dev/studenttracker/internals/mocks/mockService.go:80.2,80.23 1 0
github.com/Jisnu-Dev/studenttracker/internals/mocks/mockService.go:80.23,82.3 1 0
github.com/Jisnu-Dev/studenttracker/internals/mocks/mockService.go:83.2,83.77 1 0
github.com/Jisnu-Dev/studenttracker/internals/mocks/mockService.go:86.53,89.30 2 0
github.com/Jisnu-Dev/studenttracker/internals/mocks/mockService.go:90.18,91.37 1 0
github.com/Jisnu-Dev/studenttracker/internals/mocks/mockService.go:92.23,93.41 1 0
github.com/Jisnu-Dev/studenttracker/internals/mocks/mockService.go:96.2,96.12 1 0
github.com/Jisnu-Dev/studenttracker/internals/mocks/mockService.go:99.77,103.30 3 0
github.com/Jisnu-Dev/studenttracker/internals/mocks/mockService.go:104.18,105.37 1 0
github.com/Jisnu-Dev/studenttracker/internals/mocks/mockService.go:106.21,107.40 1 0
github.com/Jisnu-Dev/studenttracker/internals/mocks/mockService.go:108.23,109.41 1 0
github.com/Jisnu-Dev/studenttracker/internals/mocks/mockService.go:112.2,112.12 1 0
github.com/Jisnu-Dev/studenttracker/internals/mocks/mockService.go:115.81,119.29 3 0
github.com/Jisnu-Dev/studenttracker/internals/mocks/mockService.go:120.18,121.37 1 0
github.com/Jisnu-Dev/studenttracker/internals/mocks/mockService.go:122.21,123.40 1 0
github.com/Jisnu-Dev/studenttracker/internals/mocks/mockService.go:124.26,125.38 1 0
github.com/Jisnu-Dev/studenttracker/internals/mocks/mockService.go:126.23,127.40 1 0
github.com/Jisnu-Dev/studenttracker/internals/mocks/mockService.go:130.2,130.12 1 0
github.com/Jisnu-Dev/studenttracker/internals/mocks/mockService.go:133.72,136.30 2 0
github.com/Jisnu-Dev/studenttracker/internals/mocks/mockService.go:137.21,138.41 1 0
github.com/Jisnu-Dev/studenttracker/internals/mocks/mockService.go:139.23,140.44 1 0
github.com/Jisnu-Dev/studenttracker/internals/mocks/mockService.go:143.2,143.30 1 0
github.com/Jisnu-Dev/studenttracker/internals/mocks/mockService.go:143.30,145.3 1 0
github.com/Jisnu-Dev/studenttracker/internals/mocks/mockService.go:146.2,146.15 1 0
github.com/Jisnu-Dev/studenttracker/internals/mocks/mockService.go:149.75,152.32 2 0
github.com/Jisnu-Dev/studenttracker/internals/mocks/mockService.go:153.18,154.51 1 0
github.com/Jisnu-Dev/studenttracker/internals/mocks/mockService.go:155.23,156.59 1 0
github.com/Jisnu-Dev/studenttracker/internals/mocks/mockService.go:159.2,159.25 1 0
github.com/Jisnu-Dev/studenttracker/internals/mocks/mockService.go:159.25,161.3 1 0
github.com/Jisnu-Dev/studenttracker/internals/mocks/mockService.go:162.2,162.102 1 0
github.com/Jisnu-Dev/studenttracker/internals/mocks/mockTokenClient.go:24.112,28.30 3 0
github.com/Jisnu-Dev/studenttracker/internals/mocks/mockTokenClient.go:29.23,30.52 1 0
github.com/Jisnu-Dev/studenttracker/internals/mocks/mockTokenClient.go:33.2,33.18 1 0
github.com/Jisnu-Dev/studenttracker/internals/mocks/mockTokenClient.go:33.18,35.3 1 0
github.com/Jisnu-Dev/studenttracker/internals/mocks/mockTokenClient.go:36.2,36.22 1 0
github.com/Jisnu-Dev/studenttracker/internals/mocks/mockTokenClient.go:36.22,38.3 1 0
github.com/Jisnu-Dev/studenttracker/internals/mocks/mockTokenClient.go:40.2,40.19 1 0
github.com/Jisnu-Dev/studenttracker/internals/mocks/mockTokenClient.go:40.19,42.3 1 0
github.com/Jisnu-Dev/studenttracker/internals/mocks/mockTokenClient.go:43.2,43.30 1 0
github.com/Jisnu-Dev/studenttracker/internals/mocks/mockTokenClient.go:46.105,49.30 2 0
github.com/Jisnu-Dev/studenttracker/internals/mocks/mockTokenClient.go:50.23,51.74 1 0
github.com/Jisnu-Dev/studenttracker/internals/mocks/mockTokenClient.go:52.34,53.27 1 0
github.com/Jisnu-Dev/studenttracker/internals/mocks/mockTokenClient.go:56.2,57.20 2 0
github.com/Jisnu-Dev/studenttracker/internals/mocks/mockTokenClient.go:57.20,59.3 1 0
github.com/Jisnu-Dev/studenttracker/internals/mocks/mockTokenClient.go:61.2,62.19 2 0
github.com/Jisnu-Dev/studenttracker/internals/mocks/mockTokenClient.go:62.19,64.3 1 0
github.com/Jisnu-Dev/studenttracker/internals/mocks/mockTokenClient.go:66.2,66.34 1 0
github.com/Jisnu-Dev/studenttracker/internals/validation/utils/helpers.go:19.29,21.2 1 0
github.com/Jisnu-Dev/studenttracker/internals/validation/utils/helpers.go:23.33,25.2 1 0
github.com/Jisnu-Dev/studenttracker/internals/validation/utils/helpers.go:27.47,28.13 1 0
github.com/Jisnu-Dev/studenttracker/internals/validation/utils/helpers.go:28.13,30.3 1 0
github.com/Jisnu-Dev/studenttracker/internals/validation/utils/helpers.go:31.2,32.74 2 0
github.com/Jisnu-Dev/studenttracker/internals/validation/utils/helpers.go:35.50,37.2 1 0
github.com/Jisnu-Dev/studenttracker/internals/validation/utils/helpers.go:39.61,40.17 1 0
github.com/Jisnu-Dev/studenttracker/internals/validation/utils/helpers.go:40.17,42.3 1 0
github.com/Jisnu-Dev/studenttracker/internals/validation/utils/helpers.go:43.2,43.20 1 0
github.com/Jisnu-Dev/studenttracker/internals/validation/utils/helpers.go:43.20,45.3 1 0
github.com/Jisnu-Dev/studenttracker/internals/validation/utils/helpers.go:46.2,46.24 1 0
github.com/Jisnu-Dev/studenttracker/internals/validation/utils/helpers.go:46.24,48.3 1 0
github.com/Jisnu-Dev/studenttracker/internals/validation/utils/helpers.go:49.2,49.38 1 0
github.com/Jisnu-Dev/studenttracker/internals/validation/utils/helpers.go:49.38,51.3 1 0
github.com/Jisnu-Dev/studenttracker/internals/validation/utils/helpers.go:52.2,52.41 1 0
github.com/Jisnu-Dev/studenttracker/internals/validation/utils/helpers.go:52.41,54.3 1 0
github.com/Jisnu-Dev/studenttracker/internals/validation/utils/helpers.go:55.2,55.12 1 0
github.com/Jisnu-Dev/studenttracker/internals/validation/utils/helpers.go:60.42,61.17 1 0
github.com/Jisnu-Dev/studenttracker/internals/validation/utils/helpers.go:61.17,63.3 1 0
github.com/Jisnu-Dev/studenttracker/internals/validation/utils/helpers.go:64.2,65.29 2 0
github.com/Jisnu-Dev/studenttracker/internals/validation/utils/helpers.go:65.29,66.28 1 0
github.com/Jisnu-Dev/studenttracker/internals/validation/utils/helpers.go:66.28,68.4 1 0
github.com/Jisnu-Dev/studenttracker/internals/validation/utils/helpers.go:70.2,70.34 1 0
github.com/Jisnu-Dev/studenttracker/internals/validation/utils/helpers.go:73.44,75.2 1 0
github.com/Jisnu-Dev/studenttracker/internals/validation/utils/helpers.go:77.56,78.16 1 0
github.com/Jisnu-Dev/studenttracker/internals/validation/utils/helpers.go:78.16,80.3 1 0
github.com/Jisnu-Dev/studenttracker/internals/validation/utils/helpers.go:81.2,81.42 1 0
github.com/Jisnu-Dev/studenttracker/internals/validation/utils/helpers.go:84.43,85.19 1 0
github.com/Jisnu-Dev/studenttracker/internals/validation/utils/helpers.go:85.19,87.3 1 0
github.com/Jisnu-Dev/studenttracker/internals/validation/utils/helpers.go:88.2,88.12 1 0
