mode: set
github.com/Jisnu-Dev/TMS/internals/grpcHandler/generateTokenHandler.go:13.129,14.54 1 1
github.com/Jisnu-Dev/TMS/internals/grpcHandler/generateTokenHandler.go:14.54,16.3 1 1
github.com/Jisnu-Dev/TMS/internals/grpcHandler/generateTokenHandler.go:18.2,29.16 4 1
github.com/Jisnu-Dev/TMS/internals/grpcHandler/generateTokenHandler.go:29.16,37.3 2 1
github.com/Jisnu-Dev/TMS/internals/grpcHandler/generateTokenHandler.go:39.2,39.48 1 1
github.com/Jisnu-Dev/TMS/internals/grpcHandler/handler.go:38.44,42.2 1 1
github.com/Jisnu-Dev/TMS/internals/grpcHandler/helpers.go:15.55,17.2 1 1
github.com/Jisnu-Dev/TMS/internals/grpcHandler/helpers.go:19.73,23.2 1 1
github.com/Jisnu-Dev/TMS/internals/grpcHandler/helpers.go:25.107,31.2 1 1
github.com/Jisnu-Dev/TMS/internals/grpcHandler/helpers.go:33.72,34.16 1 1
github.com/Jisnu-Dev/TMS/internals/grpcHandler/helpers.go:34.16,36.3 1 1
github.com/Jisnu-Dev/TMS/internals/grpcHandler/helpers.go:38.2,40.27 2 1
github.com/Jisnu-Dev/TMS/internals/grpcHandler/helpers.go:40.27,42.3 1 1
github.com/Jisnu-Dev/TMS/internals/grpcHandler/helpers.go:44.2,45.17 2 1
github.com/Jisnu-Dev/TMS/internals/grpcHandler/helpers.go:45.17,47.3 1 1
github.com/Jisnu-Dev/TMS/internals/grpcHandler/helpers.go:47.8,47.40 1 1
github.com/Jisnu-Dev/TMS/internals/grpcHandler/helpers.go:47.40,49.3 1 1
github.com/Jisnu-Dev/TMS/internals/grpcHandler/helpers.go:49.8,49.50 1 1
github.com/Jisnu-Dev/TMS/internals/grpcHandler/helpers.go:49.50,51.3 1 1
github.com/Jisnu-Dev/TMS/internals/grpcHandler/helpers.go:51.8,53.75 2 1
github.com/Jisnu-Dev/TMS/internals/grpcHandler/helpers.go:53.75,55.4 1 1
github.com/Jisnu-Dev/TMS/internals/grpcHandler/helpers.go:58.2,58.19 1 1
github.com/Jisnu-Dev/TMS/internals/grpcHandler/helpers.go:58.19,60.3 1 1
github.com/Jisnu-Dev/TMS/internals/grpcHandler/helpers.go:62.2,62.12 1 1
github.com/Jisnu-Dev/TMS/internals/grpcHandler/helpers.go:65.64,66.16 1 1
github.com/Jisnu-Dev/TMS/internals/grpcHandler/helpers.go:66.16,68.3 1 1
github.com/Jisnu-Dev/TMS/internals/grpcHandler/helpers.go:70.2,73.17 3 1
github.com/Jisnu-Dev/TMS/internals/grpcHandler/helpers.go:73.17,75.3 1 1
github.com/Jisnu-Dev/TMS/internals/grpcHandler/helpers.go:75.8,76.44 1 1
github.com/Jisnu-Dev/TMS/internals/grpcHandler/helpers.go:76.44,78.4 1 1
github.com/Jisnu-Dev/TMS/internals/grpcHandler/helpers.go:79.3,79.37 1 1
github.com/Jisnu-Dev/TMS/internals/grpcHandler/helpers.go:79.37,81.4 1 1
github.com/Jisnu-Dev/TMS/internals/grpcHandler/helpers.go:84.2,84.19 1 1
github.com/Jisnu-Dev/TMS/internals/grpcHandler/helpers.go:84.19,86.3 1 1
github.com/Jisnu-Dev/TMS/internals/grpcHandler/helpers.go:88.2,88.12 1 1
github.com/Jisnu-Dev/TMS/internals/grpcHandler/validateTokenHandler.go:11.129,12.46 1 1
github.com/Jisnu-Dev/TMS/internals/grpcHandler/validateTokenHandler.go:12.46,14.3 1 1
github.com/Jisnu-Dev/TMS/internals/grpcHandler/validateTokenHandler.go:16.2,16.107 1 1
github.com/Jisnu-Dev/TMS/internals/grpcHandler/validateTokenHandler.go:16.107,17.58 1 1
github.com/Jisnu-Dev/TMS/internals/grpcHandler/validateTokenHandler.go:17.58,23.4 2 1
github.com/Jisnu-Dev/TMS/internals/grpcHandler/validateTokenHandler.go:24.3,24.26 1 1
github.com/Jisnu-Dev/TMS/internals/grpcHandler/validateTokenHandler.go:27.2,27.16 1 1
github.com/Jisnu-Dev/TMS/internals/grpcHandler/validateTokenHandler.go:27.16,33.3 2 1
github.com/Jisnu-Dev/TMS/internals/grpcHandler/validateTokenHandler.go:35.2,36.76 2 1
github.com/Jisnu-Dev/TMS/gen/token/token.pb.go:32.40,37.2 4 0
github.com/Jisnu-Dev/TMS/gen/token/token.pb.go:39.48,41.2 1 0
github.com/Jisnu-Dev/TMS/gen/token/token.pb.go:43.46,43.47 0 0
github.com/Jisnu-Dev/TMS/gen/token/token.pb.go:45.68,47.14 2 0
github.com/Jisnu-Dev/TMS/gen/token/token.pb.go:47.14,49.34 2 0
github.com/Jisnu-Dev/TMS/gen/token/token.pb.go:49.34,51.4 1 0
github.com/Jisnu-Dev/TMS/gen/token/token.pb.go:52.3,52.12 1 0
github.com/Jisnu-Dev/TMS/gen/token/token.pb.go:54.2,54.24 1 0
github.com/Jisnu-Dev/TMS/gen/token/token.pb.go:58.59,60.2 1 0
github.com/Jisnu-Dev/TMS/gen/token/token.pb.go:62.51,63.14 1 0
github.com/Jisnu-Dev/TMS/gen/token/token.pb.go:63.14,65.3 1 0
github.com/Jisnu-Dev/TMS/gen/token/token.pb.go:66.2,66.10 1 0
github.com/Jisnu-Dev/TMS/gen/token/token.pb.go:69.55,70.14 1 0
github.com/Jisnu-Dev/TMS/gen/token/token.pb.go:70.14,72.3 1 0
github.com/Jisnu-Dev/TMS/gen/token/token.pb.go:73.2,73.11 1 0
github.com/Jisnu-Dev/TMS/gen/token/token.pb.go:83.41,88.2 4 0
github.com/Jisnu-Dev/TMS/gen/token/token.pb.go:90.49,92.2 1 0
github.com/Jisnu-Dev/TMS/gen/token/token.pb.go:94.47,94.48 0 0
github.com/Jisnu-Dev/TMS/gen/token/token.pb.go:96.69,98.14 2 0
github.com/Jisnu-Dev/TMS/gen/token/token.pb.go:98.14,100.34 2 0
github.com/Jisnu-Dev/TMS/gen/token/token.pb.go:100.34,102.4 1 0
github.com/Jisnu-Dev/TMS/gen/token/token.pb.go:103.3,103.12 1 0
github.com/Jisnu-Dev/TMS/gen/token/token.pb.go:105.2,105.24 1 0
github.com/Jisnu-Dev/TMS/gen/token/token.pb.go:109.60,111.2 1 0
github.com/Jisnu-Dev/TMS/gen/token/token.pb.go:113.51,114.14 1 0
github.com/Jisnu-Dev/TMS/gen/token/token.pb.go:114.14,116.3 1 0
github.com/Jisnu-Dev/TMS/gen/token/token.pb.go:117.2,117.11 1 0
github.com/Jisnu-Dev/TMS/gen/token/token.pb.go:127.40,132.2 4 0
github.com/Jisnu-Dev/TMS/gen/token/token.pb.go:134.48,136.2 1 0
github.com/Jisnu-Dev/TMS/gen/token/token.pb.go:138.46,138.47 0 0
github.com/Jisnu-Dev/TMS/gen/token/token.pb.go:140.68,142.14 2 0
github.com/Jisnu-Dev/TMS/gen/token/token.pb.go:142.14,144.34 2 0
github.com/Jisnu-Dev/TMS/gen/token/token.pb.go:144.34,146.4 1 0
github.com/Jisnu-Dev/TMS/gen/token/token.pb.go:147.3,147.12 1 0
github.com/Jisnu-Dev/TMS/gen/token/token.pb.go:149.2,149.24 1 0
github.com/Jisnu-Dev/TMS/gen/token/token.pb.go:153.59,155.2 1 0
github.com/Jisnu-Dev/TMS/gen/token/token.pb.go:157.50,158.14 1 0
github.com/Jisnu-Dev/TMS/gen/token/token.pb.go:158.14,160.3 1 0
github.com/Jisnu-Dev/TMS/gen/token/token.pb.go:161.2,161.11 1 0
github.com/Jisnu-Dev/TMS/gen/token/token.pb.go:173.41,178.2 4 0
github.com/Jisnu-Dev/TMS/gen/token/token.pb.go:180.49,182.2 1 0
github.com/Jisnu-Dev/TMS/gen/token/token.pb.go:184.47,184.48 0 0
github.com/Jisnu-Dev/TMS/gen/token/token.pb.go:186.69,188.14 2 0
github.com/Jisnu-Dev/TMS/gen/token/token.pb.go:188.14,190.34 2 0
github.com/Jisnu-Dev/TMS/gen/token/token.pb.go:190.34,192.4 1 0
github.com/Jisnu-Dev/TMS/gen/token/token.pb.go:193.3,193.12 1 0
github.com/Jisnu-Dev/TMS/gen/token/token.pb.go:195.2,195.24 1 0
github.com/Jisnu-Dev/TMS/gen/token/token.pb.go:199.60,201.2 1 0
github.com/Jisnu-Dev/TMS/gen/token/token.pb.go:203.51,204.14 1 0
github.com/Jisnu-Dev/TMS/gen/token/token.pb.go:204.14,206.3 1 0
github.com/Jisnu-Dev/TMS/gen/token/token.pb.go:207.2,207.14 1 0
github.com/Jisnu-Dev/TMS/gen/token/token.pb.go:210.52,211.14 1 0
github.com/Jisnu-Dev/TMS/gen/token/token.pb.go:211.14,213.3 1 0
github.com/Jisnu-Dev/TMS/gen/token/token.pb.go:214.2,214.10 1 0
github.com/Jisnu-Dev/TMS/gen/token/token.pb.go:217.56,218.14 1 0
github.com/Jisnu-Dev/TMS/gen/token/token.pb.go:218.14,220.3 1 0
github.com/Jisnu-Dev/TMS/gen/token/token.pb.go:221.2,221.11 1 0
github.com/Jisnu-Dev/TMS/gen/token/token.pb.go:253.50,254.47 1 0
github.com/Jisnu-Dev/TMS/gen/token/token.pb.go:254.47,256.3 1 0
github.com/Jisnu-Dev/TMS/gen/token/token.pb.go:257.2,257.43 1 0
github.com/Jisnu-Dev/TMS/gen/token/token.pb.go:279.13,279.46 1 0
github.com/Jisnu-Dev/TMS/gen/token/token.pb.go:280.36,281.35 1 0
github.com/Jisnu-Dev/TMS/gen/token/token.pb.go:281.35,283.3 1 0
github.com/Jisnu-Dev/TMS/gen/token/token.pb.go:284.2,300.38 5 0
github.com/Jisnu-Dev/TMS/gen/token/token_grpc.pb.go:38.76,40.2 1 0
github.com/Jisnu-Dev/TMS/gen/token/token_grpc.pb.go:42.148,46.16 4 0
github.com/Jisnu-Dev/TMS/gen/token/token_grpc.pb.go:46.16,48.3 1 0
github.com/Jisnu-Dev/TMS/gen/token/token_grpc.pb.go:49.2,49.17 1 0
github.com/Jisnu-Dev/TMS/gen/token/token_grpc.pb.go:52.148,56.16 4 0
github.com/Jisnu-Dev/TMS/gen/token/token_grpc.pb.go:56.16,58.3 1 0
github.com/Jisnu-Dev/TMS/gen/token/token_grpc.pb.go:59.2,59.17 1 0
github.com/Jisnu-Dev/TMS/gen/token/token_grpc.pb.go:78.126,80.2 1 0
github.com/Jisnu-Dev/TMS/gen/token/token_grpc.pb.go:81.126,83.2 1 0
github.com/Jisnu-Dev/TMS/gen/token/token_grpc.pb.go:84.84,84.85 0 0
github.com/Jisnu-Dev/TMS/gen/token/token_grpc.pb.go:85.84,85.85 0 0
github.com/Jisnu-Dev/TMS/gen/token/token_grpc.pb.go:94.82,99.59 1 0
github.com/Jisnu-Dev/TMS/gen/token/token_grpc.pb.go:99.59,101.3 1 0
github.com/Jisnu-Dev/TMS/gen/token/token_grpc.pb.go:102.2,102.51 1 0
github.com/Jisnu-Dev/TMS/gen/token/token_grpc.pb.go:105.171,107.32 2 0
github.com/Jisnu-Dev/TMS/gen/token/token_grpc.pb.go:107.32,109.3 1 0
github.com/Jisnu-Dev/TMS/gen/token/token_grpc.pb.go:110.2,110.24 1 0
github.com/Jisnu-Dev/TMS/gen/token/token_grpc.pb.go:110.24,112.3 1 0
github.com/Jisnu-Dev/TMS/gen/token/token_grpc.pb.go:113.2,117.77 2 0
github.com/Jisnu-Dev/TMS/gen/token/token_grpc.pb.go:117.77,119.3 1 0
github.com/Jisnu-Dev/TMS/gen/token/token_grpc.pb.go:120.2,120.44 1 0
github.com/Jisnu-Dev/TMS/gen/token/token_grpc.pb.go:123.171,125.32 2 0
github.com/Jisnu-Dev/TMS/gen/token/token_grpc.pb.go:125.32,127.3 1 0
github.com/Jisnu-Dev/TMS/gen/token/token_grpc.pb.go:128.2,128.24 1 0
github.com/Jisnu-Dev/TMS/gen/token/token_grpc.pb.go:128.24,130.3 1 0
github.com/Jisnu-Dev/TMS/gen/token/token_grpc.pb.go:131.2,135.77 2 0
github.com/Jisnu-Dev/TMS/gen/token/token_grpc.pb.go:135.77,137.3 1 0
github.com/Jisnu-Dev/TMS/gen/token/token_grpc.pb.go:138.2,138.44 1 0
github.com/Jisnu-Dev/TMS/cmd/api.go:21.18,31.16 6 0
github.com/Jisnu-Dev/TMS/cmd/api.go:31.16,33.3 1 0
github.com/Jisnu-Dev/TMS/cmd/api.go:35.2,36.51 2 0
github.com/Jisnu-Dev/TMS/cmd/api.go:36.51,38.3 1 0
github.com/Jisnu-Dev/TMS/cmd/api.go:40.2,40.12 1 0
github.com/Jisnu-Dev/TMS/cmd/api.go:43.30,44.40 1 0
github.com/Jisnu-Dev/TMS/cmd/api.go:44.40,46.3 1 0
github.com/Jisnu-Dev/TMS/cmd/api.go:48.2,51.3 1 0
github.com/Jisnu-Dev/TMS/cmd/api.go:54.51,55.48 1 0
github.com/Jisnu-Dev/TMS/cmd/api.go:55.48,56.18 1 0
github.com/Jisnu-Dev/TMS/cmd/api.go:56.18,58.4 1 0
github.com/Jisnu-Dev/TMS/cmd/api.go:60.2,60.17 1 0
github.com/Jisnu-Dev/TMS/cmd/main.go:5.13,6.30 1 0
github.com/Jisnu-Dev/TMS/cmd/main.go:6.30,8.3 1 0
